<?xml version="1.0" encoding="UTF-8"?>
<robot generator="Robot 6.0.2 (Python 3.11.3 on win32)" generated="20230806 08:40:06.084" rpa="false" schemaversion="3">
<suite id="s1" name="Test" source="C:\Users\carlo\OneDrive\Área de Trabalho\robot\test.robot">
<test id="s1-t1" name="Test Call Soap Method" line="17">
<kw name="Create SOAP Client" library="SoapLibrary">
<arg>${wsdl_calculator}</arg>
<arg>ssl_verify=False</arg>
<doc>Loads a WSDL from the given ``url`` and creates a Zeep client.
List all Available operations/methods with INFO log level.</doc>
<msg timestamp="20230806 08:40:07.172" level="INFO">Connected to: https://ecs.syr.edu/faculty/fawcett/Handouts/cse775/code/calcWebService/Calc.asmx?wsdl</msg>
<msg timestamp="20230806 08:40:07.172" level="INFO">Available operations: ['Add', 'Subtract']</msg>
<status status="PASS" starttime="20230806 08:40:06.429" endtime="20230806 08:40:07.172"/>
</kw>
<kw name="Call SOAP Method" library="SoapLibrary">
<var>${response}</var>
<arg>Add</arg>
<arg>2</arg>
<arg>1</arg>
<doc>If the webservice have simple SOAP operation/method with few arguments, you can call the method with the given
`name` and `args`.</doc>
<msg timestamp="20230806 08:40:07.296" level="INFO">${response} = 3</msg>
<status status="PASS" starttime="20230806 08:40:07.173" endtime="20230806 08:40:07.296"/>
</kw>
<kw name="Should Be Equal As Integers" library="BuiltIn">
<arg>3</arg>
<arg>${response}</arg>
<doc>Fails if objects are unequal after converting them to integers.</doc>
<msg timestamp="20230806 08:40:07.297" level="INFO">Argument types are:
&lt;class 'str'&gt;
&lt;class 'int'&gt;</msg>
<status status="PASS" starttime="20230806 08:40:07.297" endtime="20230806 08:40:07.298"/>
</kw>
<tag>calculator</tag>
<status status="PASS" starttime="20230806 08:40:06.428" endtime="20230806 08:40:07.298"/>
</test>
<test id="s1-t2" name="Test Call Soap Method Error" line="23">
<kw name="Create SOAP Client" library="SoapLibrary">
<arg>${wsdl_calculator}</arg>
<arg>ssl_verify=False</arg>
<doc>Loads a WSDL from the given ``url`` and creates a Zeep client.
List all Available operations/methods with INFO log level.</doc>
<msg timestamp="20230806 08:40:07.836" level="INFO">Connected to: https://ecs.syr.edu/faculty/fawcett/Handouts/cse775/code/calcWebService/Calc.asmx?wsdl</msg>
<msg timestamp="20230806 08:40:07.836" level="INFO">Available operations: ['Add', 'Subtract']</msg>
<status status="PASS" starttime="20230806 08:40:07.301" endtime="20230806 08:40:07.836"/>
</kw>
<kw name="Call SOAP Method" library="SoapLibrary">
<var>${response}</var>
<arg>Add</arg>
<arg>2</arg>
<arg>X</arg>
<arg>status=anything</arg>
<doc>If the webservice have simple SOAP operation/method with few arguments, you can call the method with the given
`name` and `args`.</doc>
<msg timestamp="20230806 08:40:07.967" level="INFO">${response} = Server was unable to read request. ---&gt; There is an error in XML document (2, 169). ---&gt; Input string was not in a correct format.</msg>
<status status="PASS" starttime="20230806 08:40:07.836" endtime="20230806 08:40:07.967"/>
</kw>
<kw name="Should Contain" library="BuiltIn">
<arg>${response}</arg>
<arg>Input string was not in a correct format.</arg>
<doc>Fails if ``container`` does not contain ``item`` one or more times.</doc>
<status status="PASS" starttime="20230806 08:40:07.967" endtime="20230806 08:40:07.968"/>
</kw>
<tag>calculator</tag>
<status status="PASS" starttime="20230806 08:40:07.300" endtime="20230806 08:40:07.968"/>
</test>
<test id="s1-t3" name="Test read" line="29">
<kw name="Create SOAP Client" library="SoapLibrary">
<arg>${wsdl_calculator}</arg>
<arg>ssl_verify=False</arg>
<doc>Loads a WSDL from the given ``url`` and creates a Zeep client.
List all Available operations/methods with INFO log level.</doc>
<msg timestamp="20230806 08:40:08.474" level="INFO">Connected to: https://ecs.syr.edu/faculty/fawcett/Handouts/cse775/code/calcWebService/Calc.asmx?wsdl</msg>
<msg timestamp="20230806 08:40:08.474" level="INFO">Available operations: ['Add', 'Subtract']</msg>
<status status="PASS" starttime="20230806 08:40:07.971" endtime="20230806 08:40:08.474"/>
</kw>
<kw name="Call SOAP Method With XML" library="SoapLibrary">
<var>${response}</var>
<arg>${requests_dir}${/}Request_Calculator.xml</arg>
<doc>Send an XML file as a request to the SOAP client. The path to the Request XML file is required as argument,
the SOAP method is inside the XML file.</doc>
<msg timestamp="20230806 08:40:08.628" level="INFO">Status code: 200</msg>
<msg timestamp="20230806 08:40:08.628" level="INFO" html="true">&lt;font size="3"&gt;&lt;b&gt;Response from webservice:&lt;/b&gt;&lt;/font&gt; </msg>
<msg timestamp="20230806 08:40:08.628" level="INFO">&lt;soap:Envelope xmlns:soap="http://schemas.xmlsoap.org/soap/envelope/" xmlns:xsi="http://www.w3.org/2001/XMLSchema-instance" xmlns:xsd="http://www.w3.org/2001/XMLSchema"&gt;
  &lt;soap:Body&gt;
    &lt;AddResponse xmlns="http://tempuri.org/"&gt;
      &lt;AddResult&gt;8&lt;/AddResult&gt;
    &lt;/AddResponse&gt;
  &lt;/soap:Body&gt;
&lt;/soap:Envelope&gt;
</msg>
<msg timestamp="20230806 08:40:08.628" level="INFO">${response} = &lt;Element {http://schemas.xmlsoap.org/soap/envelope/}Envelope at 0x1a550da8580&gt;</msg>
<status status="PASS" starttime="20230806 08:40:08.474" endtime="20230806 08:40:08.628"/>
</kw>
<kw name="Get Data From XML By Tag" library="SoapLibrary">
<var>${result}</var>
<arg>${response}</arg>
<arg>AddResult</arg>
<doc>Gets data from XML using a given tag. If the tag returns zero or more than one result, it will show a warning.
The xml argument must be an etree object, can be used with the return of the keyword `Call SOAP Method With XML`.</doc>
<msg timestamp="20230806 08:40:08.629" level="INFO">${result} = 8</msg>
<status status="PASS" starttime="20230806 08:40:08.628" endtime="20230806 08:40:08.629"/>
</kw>
<kw name="Should Be Equal" library="BuiltIn">
<arg>8</arg>
<arg>${result}</arg>
<doc>Fails if the given objects are unequal.</doc>
<status status="PASS" starttime="20230806 08:40:08.629" endtime="20230806 08:40:08.630"/>
</kw>
<tag>calculator</tag>
<status status="PASS" starttime="20230806 08:40:07.970" endtime="20230806 08:40:08.630"/>
</test>
<test id="s1-t4" name="Test read With Binding Address" line="36">
<kw name="Create SOAP Client" library="SoapLibrary">
<arg>${wsdl_calculator}</arg>
<arg>ssl_verify=False</arg>
<arg>use_binding_address=True</arg>
<doc>Loads a WSDL from the given ``url`` and creates a Zeep client.
List all Available operations/methods with INFO log level.</doc>
<msg timestamp="20230806 08:40:09.152" level="INFO">Connected to: https://ecs.syr.edu/faculty/fawcett/Handouts/cse775/code/calcWebService/Calc.asmx?wsdl</msg>
<msg timestamp="20230806 08:40:09.152" level="INFO">Available operations: ['Add', 'Subtract']</msg>
<status status="PASS" starttime="20230806 08:40:08.633" endtime="20230806 08:40:09.152"/>
</kw>
<kw name="Call SOAP Method With XML" library="SoapLibrary">
<var>${response}</var>
<arg>${requests_dir}${/}Request_Calculator.xml</arg>
<doc>Send an XML file as a request to the SOAP client. The path to the Request XML file is required as argument,
the SOAP method is inside the XML file.</doc>
<msg timestamp="20230806 08:40:09.273" level="INFO">Status code: 200</msg>
<msg timestamp="20230806 08:40:09.273" level="INFO" html="true">&lt;font size="3"&gt;&lt;b&gt;Response from webservice:&lt;/b&gt;&lt;/font&gt; </msg>
<msg timestamp="20230806 08:40:09.273" level="INFO">&lt;soap:Envelope xmlns:soap="http://schemas.xmlsoap.org/soap/envelope/" xmlns:xsi="http://www.w3.org/2001/XMLSchema-instance" xmlns:xsd="http://www.w3.org/2001/XMLSchema"&gt;
  &lt;soap:Body&gt;
    &lt;AddResponse xmlns="http://tempuri.org/"&gt;
      &lt;AddResult&gt;8&lt;/AddResult&gt;
    &lt;/AddResponse&gt;
  &lt;/soap:Body&gt;
&lt;/soap:Envelope&gt;
</msg>
<msg timestamp="20230806 08:40:09.273" level="INFO">${response} = &lt;Element {http://schemas.xmlsoap.org/soap/envelope/}Envelope at 0x1a550d97f40&gt;</msg>
<status status="PASS" starttime="20230806 08:40:09.153" endtime="20230806 08:40:09.273"/>
</kw>
<kw name="Get Data From XML By Tag" library="SoapLibrary">
<var>${result}</var>
<arg>${response}</arg>
<arg>AddResult</arg>
<doc>Gets data from XML using a given tag. If the tag returns zero or more than one result, it will show a warning.
The xml argument must be an etree object, can be used with the return of the keyword `Call SOAP Method With XML`.</doc>
<msg timestamp="20230806 08:40:09.274" level="INFO">${result} = 8</msg>
<status status="PASS" starttime="20230806 08:40:09.274" endtime="20230806 08:40:09.274"/>
</kw>
<kw name="Should Be Equal" library="BuiltIn">
<arg>8</arg>
<arg>${result}</arg>
<doc>Fails if the given objects are unequal.</doc>
<status status="PASS" starttime="20230806 08:40:09.275" endtime="20230806 08:40:09.275"/>
</kw>
<tag>calculator</tag>
<status status="PASS" starttime="20230806 08:40:08.632" endtime="20230806 08:40:09.276"/>
</test>
<test id="s1-t5" name="Test read string xml" line="43">
<kw name="Create SOAP Client" library="SoapLibrary">
<arg>${wsdl_calculator}</arg>
<arg>ssl_verify=False</arg>
<doc>Loads a WSDL from the given ``url`` and creates a Zeep client.
List all Available operations/methods with INFO log level.</doc>
<msg timestamp="20230806 08:40:09.758" level="INFO">Connected to: https://ecs.syr.edu/faculty/fawcett/Handouts/cse775/code/calcWebService/Calc.asmx?wsdl</msg>
<msg timestamp="20230806 08:40:09.758" level="INFO">Available operations: ['Add', 'Subtract']</msg>
<status status="PASS" starttime="20230806 08:40:09.278" endtime="20230806 08:40:09.758"/>
</kw>
<kw name="Call SOAP Method With String XML" library="SoapLibrary">
<var>${response}</var>
<arg>${request_string}</arg>
<doc>Send a string representation of XML as a request to the SOAP client.
The SOAP method is inside the XML string.</doc>
<msg timestamp="20230806 08:40:09.880" level="INFO">Status code: 200</msg>
<msg timestamp="20230806 08:40:09.880" level="INFO" html="true">&lt;font size="3"&gt;&lt;b&gt;Response from webservice:&lt;/b&gt;&lt;/font&gt; </msg>
<msg timestamp="20230806 08:40:09.880" level="INFO">&lt;soap:Envelope xmlns:soap="http://schemas.xmlsoap.org/soap/envelope/" xmlns:xsi="http://www.w3.org/2001/XMLSchema-instance" xmlns:xsd="http://www.w3.org/2001/XMLSchema"&gt;
  &lt;soap:Body&gt;
    &lt;AddResponse xmlns="http://tempuri.org/"&gt;
      &lt;AddResult&gt;8&lt;/AddResult&gt;
    &lt;/AddResponse&gt;
  &lt;/soap:Body&gt;
&lt;/soap:Envelope&gt;
</msg>
<msg timestamp="20230806 08:40:09.880" level="INFO">${response} = &lt;Element {http://schemas.xmlsoap.org/soap/envelope/}Envelope at 0x1a551113200&gt;</msg>
<status status="PASS" starttime="20230806 08:40:09.759" endtime="20230806 08:40:09.880"/>
</kw>
<kw name="Get Data From XML By Tag" library="SoapLibrary">
<var>${result}</var>
<arg>${response}</arg>
<arg>AddResult</arg>
<doc>Gets data from XML using a given tag. If the tag returns zero or more than one result, it will show a warning.
The xml argument must be an etree object, can be used with the return of the keyword `Call SOAP Method With XML`.</doc>
<msg timestamp="20230806 08:40:09.881" level="INFO">${result} = 8</msg>
<status status="PASS" starttime="20230806 08:40:09.881" endtime="20230806 08:40:09.881"/>
</kw>
<kw name="Should Be Equal" library="BuiltIn">
<arg>8</arg>
<arg>${result}</arg>
<doc>Fails if the given objects are unequal.</doc>
<status status="PASS" starttime="20230806 08:40:09.882" endtime="20230806 08:40:09.882"/>
</kw>
<tag>calculator</tag>
<status status="PASS" starttime="20230806 08:40:09.278" endtime="20230806 08:40:09.883"/>
</test>
<test id="s1-t6" name="Test Edit and Read" line="50">
<kw name="Remove File" library="OperatingSystem">
<arg>${requests_dir}${/}New_Request_Calculator.xml</arg>
<doc>Removes a file with the given path.</doc>
<msg timestamp="20230806 08:40:09.886" level="INFO" html="true">Removed file '&lt;a href="file://C:\Users\carlo\OneDrive\Área de Trabalho\robot\Requests\New_Request_Calculator.xml"&gt;C:\Users\carlo\OneDrive\Área de Trabalho\robot\Requests\New_Request_Calculator.xml&lt;/a&gt;'.</msg>
<status status="PASS" starttime="20230806 08:40:09.885" endtime="20230806 08:40:09.886"/>
</kw>
<kw name="Create SOAP Client" library="SoapLibrary">
<arg>${wsdl_calculator}</arg>
<arg>ssl_verify=False</arg>
<doc>Loads a WSDL from the given ``url`` and creates a Zeep client.
List all Available operations/methods with INFO log level.</doc>
<msg timestamp="20230806 08:40:10.384" level="INFO">Connected to: https://ecs.syr.edu/faculty/fawcett/Handouts/cse775/code/calcWebService/Calc.asmx?wsdl</msg>
<msg timestamp="20230806 08:40:10.384" level="INFO">Available operations: ['Add', 'Subtract']</msg>
<status status="PASS" starttime="20230806 08:40:09.887" endtime="20230806 08:40:10.384"/>
</kw>
<kw name="Create Dictionary" library="BuiltIn">
<var>${dict}</var>
<arg>a=9</arg>
<arg>b=5</arg>
<doc>Creates and returns a dictionary based on the given ``items``.</doc>
<msg timestamp="20230806 08:40:10.385" level="INFO">${dict} = {'a': '9', 'b': '5'}</msg>
<status status="PASS" starttime="20230806 08:40:10.385" endtime="20230806 08:40:10.385"/>
</kw>
<kw name="Edit XML Request" library="SoapLibrary">
<var>${xml_edited}</var>
<arg>${requests_dir}${/}Request_Calculator.xml</arg>
<arg>${dict}</arg>
<arg>New_Request_Calculator</arg>
<doc>Changes a field on the given XML to a new given value, the values must be in a dictionary.
xml_filepath must be a "template" of the request to the webservice.
new_values_dict must be a dictionary with the keys and values to change.
request_name will be the name of the new XMl file generated with the changed request.</doc>
<msg timestamp="20230806 08:40:10.387" level="INFO">${xml_edited} = C:\Users\carlo\OneDrive\Área de Trabalho\robot\Requests\New_Request_Calculator.xml</msg>
<status status="PASS" starttime="20230806 08:40:10.386" endtime="20230806 08:40:10.388"/>
</kw>
<kw name="Call SOAP Method With XML" library="SoapLibrary">
<var>${response}</var>
<arg>${xml_edited}</arg>
<doc>Send an XML file as a request to the SOAP client. The path to the Request XML file is required as argument,
the SOAP method is inside the XML file.</doc>
<msg timestamp="20230806 08:40:10.518" level="INFO">Status code: 200</msg>
<msg timestamp="20230806 08:40:10.518" level="INFO" html="true">&lt;font size="3"&gt;&lt;b&gt;Response from webservice:&lt;/b&gt;&lt;/font&gt; </msg>
<msg timestamp="20230806 08:40:10.518" level="INFO">&lt;soap:Envelope xmlns:soap="http://schemas.xmlsoap.org/soap/envelope/" xmlns:xsi="http://www.w3.org/2001/XMLSchema-instance" xmlns:xsd="http://www.w3.org/2001/XMLSchema"&gt;
  &lt;soap:Body&gt;
    &lt;AddResponse xmlns="http://tempuri.org/"&gt;
      &lt;AddResult&gt;14&lt;/AddResult&gt;
    &lt;/AddResponse&gt;
  &lt;/soap:Body&gt;
&lt;/soap:Envelope&gt;
</msg>
<msg timestamp="20230806 08:40:10.518" level="INFO">${response} = &lt;Element {http://schemas.xmlsoap.org/soap/envelope/}Envelope at 0x1a551122940&gt;</msg>
<status status="PASS" starttime="20230806 08:40:10.388" endtime="20230806 08:40:10.518"/>
</kw>
<kw name="Get Data From XML By Tag" library="SoapLibrary">
<var>${result}</var>
<arg>${response}</arg>
<arg>AddResult</arg>
<doc>Gets data from XML using a given tag. If the tag returns zero or more than one result, it will show a warning.
The xml argument must be an etree object, can be used with the return of the keyword `Call SOAP Method With XML`.</doc>
<msg timestamp="20230806 08:40:10.519" level="INFO">${result} = 14</msg>
<status status="PASS" starttime="20230806 08:40:10.519" endtime="20230806 08:40:10.519"/>
</kw>
<kw name="Should Be Equal" library="BuiltIn">
<arg>14</arg>
<arg>${result}</arg>
<doc>Fails if the given objects are unequal.</doc>
<status status="PASS" starttime="20230806 08:40:10.520" endtime="20230806 08:40:10.520"/>
</kw>
<kw name="Should Exist" library="OperatingSystem">
<arg>${requests_dir}${/}New_Request_Calculator.xml</arg>
<doc>Fails unless the given path (file or directory) exists.</doc>
<msg timestamp="20230806 08:40:10.521" level="INFO" html="true">Path '&lt;a href="file://C:\Users\carlo\OneDrive\Área de Trabalho\robot\Requests\New_Request_Calculator.xml"&gt;C:\Users\carlo\OneDrive\Área de Trabalho\robot\Requests\New_Request_Calculator.xml&lt;/a&gt;' exists.</msg>
<status status="PASS" starttime="20230806 08:40:10.521" endtime="20230806 08:40:10.521"/>
</kw>
<tag>calculator</tag>
<status status="PASS" starttime="20230806 08:40:09.884" endtime="20230806 08:40:10.522"/>
</test>
<test id="s1-t7" name="Test Call SOAP Method with XML Anything" line="61">
<kw name="Create SOAP Client" library="SoapLibrary">
<arg>${wsdl_calculator}</arg>
<arg>ssl_verify=False</arg>
<doc>Loads a WSDL from the given ``url`` and creates a Zeep client.
List all Available operations/methods with INFO log level.</doc>
<msg timestamp="20230806 08:40:11.032" level="INFO">Connected to: https://ecs.syr.edu/faculty/fawcett/Handouts/cse775/code/calcWebService/Calc.asmx?wsdl</msg>
<msg timestamp="20230806 08:40:11.032" level="INFO">Available operations: ['Add', 'Subtract']</msg>
<status status="PASS" starttime="20230806 08:40:10.524" endtime="20230806 08:40:11.032"/>
</kw>
<kw name="Call SOAP Method With XML" library="SoapLibrary">
<var>${response}</var>
<arg>${requests_dir}${/}Request_Calculator_500.xml</arg>
<arg>status=anything</arg>
<doc>Send an XML file as a request to the SOAP client. The path to the Request XML file is required as argument,
the SOAP method is inside the XML file.</doc>
<msg timestamp="20230806 08:40:11.154" level="INFO">Status code: 500</msg>
<msg timestamp="20230806 08:40:11.155" level="INFO" html="true">&lt;font size="3"&gt;&lt;b&gt;Response from webservice:&lt;/b&gt;&lt;/font&gt; </msg>
<msg timestamp="20230806 08:40:11.155" level="INFO">&lt;soap:Envelope xmlns:soap="http://schemas.xmlsoap.org/soap/envelope/" xmlns:xsi="http://www.w3.org/2001/XMLSchema-instance" xmlns:xsd="http://www.w3.org/2001/XMLSchema"&gt;
  &lt;soap:Body&gt;
    &lt;soap:Fault&gt;
      &lt;faultcode&gt;soap:Client&lt;/faultcode&gt;
      &lt;faultstring&gt;Server was unable to read request. ---&amp;gt; There is an error in XML document (6, 21). ---&amp;gt; Input string was not in a correct format.&lt;/faultstring&gt;
      &lt;detail/&gt;
    &lt;/soap:Fault&gt;
  &lt;/soap:Body&gt;
&lt;/soap:Envelope&gt;
</msg>
<msg timestamp="20230806 08:40:11.155" level="INFO">${response} = &lt;Element {http://schemas.xmlsoap.org/soap/envelope/}Envelope at 0x1a55115b580&gt;</msg>
<status status="PASS" starttime="20230806 08:40:11.033" endtime="20230806 08:40:11.155"/>
</kw>
<kw name="Get Data From XML By Tag" library="SoapLibrary">
<var>${result}</var>
<arg>${response}</arg>
<arg>faultstring</arg>
<doc>Gets data from XML using a given tag. If the tag returns zero or more than one result, it will show a warning.
The xml argument must be an etree object, can be used with the return of the keyword `Call SOAP Method With XML`.</doc>
<msg timestamp="20230806 08:40:11.156" level="INFO">${result} = Server was unable to read request. ---&gt; There is an error in XML document (6, 21). ---&gt; Input string was not in a correct format.</msg>
<status status="PASS" starttime="20230806 08:40:11.155" endtime="20230806 08:40:11.156"/>
</kw>
<kw name="Log" library="BuiltIn">
<arg>${result}</arg>
<doc>Logs the given message with the given level.</doc>
<msg timestamp="20230806 08:40:11.157" level="INFO">Server was unable to read request. ---&gt; There is an error in XML document (6, 21). ---&gt; Input string was not in a correct format.</msg>
<status status="PASS" starttime="20230806 08:40:11.156" endtime="20230806 08:40:11.157"/>
</kw>
<kw name="Should Contain" library="BuiltIn">
<arg>${result}</arg>
<arg>Server was unable to read request.</arg>
<doc>Fails if ``container`` does not contain ``item`` one or more times.</doc>
<status status="PASS" starttime="20230806 08:40:11.157" endtime="20230806 08:40:11.157"/>
</kw>
<tag>calculator</tag>
<status status="PASS" starttime="20230806 08:40:10.524" endtime="20230806 08:40:11.158"/>
</test>
<test id="s1-t8" name="Test Call SOAP Method with String XML Anything" line="69">
<kw name="Create SOAP Client" library="SoapLibrary">
<arg>${wsdl_calculator}</arg>
<arg>ssl_verify=False</arg>
<doc>Loads a WSDL from the given ``url`` and creates a Zeep client.
List all Available operations/methods with INFO log level.</doc>
<msg timestamp="20230806 08:40:11.671" level="INFO">Connected to: https://ecs.syr.edu/faculty/fawcett/Handouts/cse775/code/calcWebService/Calc.asmx?wsdl</msg>
<msg timestamp="20230806 08:40:11.671" level="INFO">Available operations: ['Add', 'Subtract']</msg>
<status status="PASS" starttime="20230806 08:40:11.161" endtime="20230806 08:40:11.671"/>
</kw>
<kw name="Call SOAP Method With String XML" library="SoapLibrary">
<var>${response}</var>
<arg>${request_string_500}</arg>
<arg>status=anything</arg>
<doc>Send a string representation of XML as a request to the SOAP client.
The SOAP method is inside the XML string.</doc>
<msg timestamp="20230806 08:40:11.789" level="INFO">Status code: 500</msg>
<msg timestamp="20230806 08:40:11.789" level="INFO" html="true">&lt;font size="3"&gt;&lt;b&gt;Response from webservice:&lt;/b&gt;&lt;/font&gt; </msg>
<msg timestamp="20230806 08:40:11.789" level="INFO">&lt;soap:Envelope xmlns:soap="http://schemas.xmlsoap.org/soap/envelope/" xmlns:xsi="http://www.w3.org/2001/XMLSchema-instance" xmlns:xsd="http://www.w3.org/2001/XMLSchema"&gt;
  &lt;soap:Body&gt;
    &lt;soap:Fault&gt;
      &lt;faultcode&gt;soap:Client&lt;/faultcode&gt;
      &lt;faultstring&gt;Server was unable to read request. ---&amp;gt; There is an error in XML document (2, 109). ---&amp;gt; Input string was not in a correct format.&lt;/faultstring&gt;
      &lt;detail/&gt;
    &lt;/soap:Fault&gt;
  &lt;/soap:Body&gt;
&lt;/soap:Envelope&gt;
</msg>
<msg timestamp="20230806 08:40:11.789" level="INFO">${response} = &lt;Element {http://schemas.xmlsoap.org/soap/envelope/}Envelope at 0x1a55117c240&gt;</msg>
<status status="PASS" starttime="20230806 08:40:11.671" endtime="20230806 08:40:11.789"/>
</kw>
<kw name="Get Data From XML By Tag" library="SoapLibrary">
<var>${result}</var>
<arg>${response}</arg>
<arg>faultstring</arg>
<doc>Gets data from XML using a given tag. If the tag returns zero or more than one result, it will show a warning.
The xml argument must be an etree object, can be used with the return of the keyword `Call SOAP Method With XML`.</doc>
<msg timestamp="20230806 08:40:11.790" level="INFO">${result} = Server was unable to read request. ---&gt; There is an error in XML document (2, 109). ---&gt; Input string was not in a correct format.</msg>
<status status="PASS" starttime="20230806 08:40:11.790" endtime="20230806 08:40:11.790"/>
</kw>
<kw name="Log" library="BuiltIn">
<arg>${result}</arg>
<doc>Logs the given message with the given level.</doc>
<msg timestamp="20230806 08:40:11.791" level="INFO">Server was unable to read request. ---&gt; There is an error in XML document (2, 109). ---&gt; Input string was not in a correct format.</msg>
<status status="PASS" starttime="20230806 08:40:11.791" endtime="20230806 08:40:11.791"/>
</kw>
<kw name="Should Contain" library="BuiltIn">
<arg>${result}</arg>
<arg>Server was unable to read request.</arg>
<doc>Fails if ``container`` does not contain ``item`` one or more times.</doc>
<status status="PASS" starttime="20230806 08:40:11.792" endtime="20230806 08:40:11.792"/>
</kw>
<tag>calculator</tag>
<status status="PASS" starttime="20230806 08:40:11.160" endtime="20230806 08:40:11.792"/>
</test>
<test id="s1-t9" name="Test read utf8" line="77">
<kw name="Create SOAP Client" library="SoapLibrary">
<arg>${wsdl_country_info}</arg>
<doc>Loads a WSDL from the given ``url`` and creates a Zeep client.
List all Available operations/methods with INFO log level.</doc>
<msg timestamp="20230806 08:40:12.102" level="INFO">Connected to: http://webservices.oorsprong.org/websamples.countryinfo/CountryInfoService.wso?wsdl</msg>
<msg timestamp="20230806 08:40:12.102" level="INFO">Available operations: ['ListOfContinentsByName', 'ListOfContinentsByCode', 'ListOfCurrenciesByName', 'ListOfCurrenciesByCode', 'CurrencyName', 'ListOfCountryNamesByCode', 'ListOfCountryNamesByName', 'ListOfCountryNamesGroupedByContinent', 'CountryName', 'CountryISOCode', 'CapitalCity', 'CountryCurrency', 'CountryFlag', 'CountryIntPhoneCode', 'FullCountryInfo', 'FullCountryInfoAllCountries', 'CountriesUsingCurrency', 'ListOfLanguagesByName', 'ListOfLanguagesByCode', 'LanguageName', 'LanguageISOCode']</msg>
<status status="PASS" starttime="20230806 08:40:11.795" endtime="20230806 08:40:12.102"/>
</kw>
<kw name="Call SOAP Method With XML" library="SoapLibrary">
<var>${response}</var>
<arg>${requests_dir}${/}request_capital.xml</arg>
<doc>Send an XML file as a request to the SOAP client. The path to the Request XML file is required as argument,
the SOAP method is inside the XML file.</doc>
<msg timestamp="20230806 08:40:12.165" level="INFO">Status code: 200</msg>
<msg timestamp="20230806 08:40:12.165" level="INFO" html="true">&lt;font size="3"&gt;&lt;b&gt;Response from webservice:&lt;/b&gt;&lt;/font&gt; </msg>
<msg timestamp="20230806 08:40:12.165" level="INFO">&lt;soap:Envelope xmlns:soap="http://schemas.xmlsoap.org/soap/envelope/"&gt;
  &lt;soap:Body&gt;
    &lt;m:CapitalCityResponse xmlns:m="http://www.oorsprong.org/websamples.countryinfo"&gt;
      &lt;m:CapitalCityResult&gt;Lisbon&lt;/m:CapitalCityResult&gt;
    &lt;/m:CapitalCityResponse&gt;
  &lt;/soap:Body&gt;
&lt;/soap:Envelope&gt;
</msg>
<msg timestamp="20230806 08:40:12.165" level="INFO">${response} = &lt;Element {http://schemas.xmlsoap.org/soap/envelope/}Envelope at 0x1a55115bc40&gt;</msg>
<status status="PASS" starttime="20230806 08:40:12.103" endtime="20230806 08:40:12.165"/>
</kw>
<kw name="Get Data From XML By Tag" library="SoapLibrary">
<var>${City}</var>
<arg>${response}</arg>
<arg>m:CapitalCityResult</arg>
<doc>Gets data from XML using a given tag. If the tag returns zero or more than one result, it will show a warning.
The xml argument must be an etree object, can be used with the return of the keyword `Call SOAP Method With XML`.</doc>
<msg timestamp="20230806 08:40:12.166" level="INFO">${City} = Lisbon</msg>
<status status="PASS" starttime="20230806 08:40:12.166" endtime="20230806 08:40:12.166"/>
</kw>
<kw name="Should Be Equal As Strings" library="BuiltIn">
<arg>${City}</arg>
<arg>Lisbon</arg>
<doc>Fails if objects are unequal after converting them to strings.</doc>
<status status="PASS" starttime="20230806 08:40:12.167" endtime="20230806 08:40:12.167"/>
</kw>
<tag>country_info</tag>
<status status="PASS" starttime="20230806 08:40:11.794" endtime="20230806 08:40:12.167"/>
</test>
<test id="s1-t10" name="Test Get Last Response Object" line="85">
<kw name="Create SOAP Client" library="SoapLibrary">
<arg>${wsdl_country_info}</arg>
<doc>Loads a WSDL from the given ``url`` and creates a Zeep client.
List all Available operations/methods with INFO log level.</doc>
<msg timestamp="20230806 08:40:12.331" level="INFO">Connected to: http://webservices.oorsprong.org/websamples.countryinfo/CountryInfoService.wso?wsdl</msg>
<msg timestamp="20230806 08:40:12.331" level="INFO">Available operations: ['ListOfContinentsByName', 'ListOfContinentsByCode', 'ListOfCurrenciesByName', 'ListOfCurrenciesByCode', 'CurrencyName', 'ListOfCountryNamesByCode', 'ListOfCountryNamesByName', 'ListOfCountryNamesGroupedByContinent', 'CountryName', 'CountryISOCode', 'CapitalCity', 'CountryCurrency', 'CountryFlag', 'CountryIntPhoneCode', 'FullCountryInfo', 'FullCountryInfoAllCountries', 'CountriesUsingCurrency', 'ListOfLanguagesByName', 'ListOfLanguagesByCode', 'LanguageName', 'LanguageISOCode']</msg>
<status status="PASS" starttime="20230806 08:40:12.169" endtime="20230806 08:40:12.331"/>
</kw>
<kw name="Call SOAP Method With XML" library="SoapLibrary">
<arg>${requests_dir}${/}request_capital.xml</arg>
<doc>Send an XML file as a request to the SOAP client. The path to the Request XML file is required as argument,
the SOAP method is inside the XML file.</doc>
<msg timestamp="20230806 08:40:12.427" level="INFO">Status code: 200</msg>
<msg timestamp="20230806 08:40:12.427" level="INFO" html="true">&lt;font size="3"&gt;&lt;b&gt;Response from webservice:&lt;/b&gt;&lt;/font&gt; </msg>
<msg timestamp="20230806 08:40:12.427" level="INFO">&lt;soap:Envelope xmlns:soap="http://schemas.xmlsoap.org/soap/envelope/"&gt;
  &lt;soap:Body&gt;
    &lt;m:CapitalCityResponse xmlns:m="http://www.oorsprong.org/websamples.countryinfo"&gt;
      &lt;m:CapitalCityResult&gt;Lisbon&lt;/m:CapitalCityResult&gt;
    &lt;/m:CapitalCityResponse&gt;
  &lt;/soap:Body&gt;
&lt;/soap:Envelope&gt;
</msg>
<status status="PASS" starttime="20230806 08:40:12.332" endtime="20230806 08:40:12.427"/>
</kw>
<kw name="Get Last Response Object" library="SoapLibrary">
<var>${response_object}</var>
<doc>Gets the response object from the last request made. With the object in a variable, you can use the
dot operator to get all the attributes of the response.</doc>
<msg timestamp="20230806 08:40:12.428" level="INFO">${response_object} = &lt;Response [200]&gt;</msg>
<status status="PASS" starttime="20230806 08:40:12.428" endtime="20230806 08:40:12.428"/>
</kw>
<kw name="Should Be Equal As Integers" library="BuiltIn">
<arg>${response_object.status_code}</arg>
<arg>200</arg>
<doc>Fails if objects are unequal after converting them to integers.</doc>
<msg timestamp="20230806 08:40:12.429" level="INFO">Argument types are:
&lt;class 'int'&gt;
&lt;class 'str'&gt;</msg>
<status status="PASS" starttime="20230806 08:40:12.429" endtime="20230806 08:40:12.429"/>
</kw>
<kw name="Should Contain" library="BuiltIn">
<arg>${response_object.text}</arg>
<arg>Lisbon</arg>
<doc>Fails if ``container`` does not contain ``item`` one or more times.</doc>
<status status="PASS" starttime="20230806 08:40:12.430" endtime="20230806 08:40:12.431"/>
</kw>
<kw name="Dictionary Should Contain Key" library="Collections">
<arg>${response_object.headers}</arg>
<arg>Content-Type</arg>
<doc>Fails if ``key`` is not found from ``dictionary``.</doc>
<status status="PASS" starttime="20230806 08:40:12.431" endtime="20230806 08:40:12.432"/>
</kw>
<tag>country_info</tag>
<status status="PASS" starttime="20230806 08:40:12.168" endtime="20230806 08:40:12.432"/>
</test>
<test id="s1-t11" name="Test Save File Response" line="94">
<kw name="Remove File" library="OperatingSystem">
<arg>C:\\Users\\carlo\\OneDrive\\Área de Trabalho\\robot${/}response_test.xml</arg>
<doc>Removes a file with the given path.</doc>
<msg timestamp="20230806 08:40:12.435" level="INFO" html="true">File '&lt;a href="file://C:\Users\carlo\OneDrive\Área de Trabalho\robot\response_test.xml"&gt;C:\Users\carlo\OneDrive\Área de Trabalho\robot\response_test.xml&lt;/a&gt;' does not exist.</msg>
<status status="PASS" starttime="20230806 08:40:12.434" endtime="20230806 08:40:12.435"/>
</kw>
<kw name="Create SOAP Client" library="SoapLibrary">
<arg>${wsdl_country_info}</arg>
<doc>Loads a WSDL from the given ``url`` and creates a Zeep client.
List all Available operations/methods with INFO log level.</doc>
<msg timestamp="20230806 08:40:12.585" level="INFO">Connected to: http://webservices.oorsprong.org/websamples.countryinfo/CountryInfoService.wso?wsdl</msg>
<msg timestamp="20230806 08:40:12.585" level="INFO">Available operations: ['ListOfContinentsByName', 'ListOfContinentsByCode', 'ListOfCurrenciesByName', 'ListOfCurrenciesByCode', 'CurrencyName', 'ListOfCountryNamesByCode', 'ListOfCountryNamesByName', 'ListOfCountryNamesGroupedByContinent', 'CountryName', 'CountryISOCode', 'CapitalCity', 'CountryCurrency', 'CountryFlag', 'CountryIntPhoneCode', 'FullCountryInfo', 'FullCountryInfoAllCountries', 'CountriesUsingCurrency', 'ListOfLanguagesByName', 'ListOfLanguagesByCode', 'LanguageName', 'LanguageISOCode']</msg>
<status status="PASS" starttime="20230806 08:40:12.436" endtime="20230806 08:40:12.585"/>
</kw>
<kw name="Call SOAP Method With XML" library="SoapLibrary">
<var>${response}</var>
<arg>${requests_dir}${/}request_capital.xml</arg>
<doc>Send an XML file as a request to the SOAP client. The path to the Request XML file is required as argument,
the SOAP method is inside the XML file.</doc>
<msg timestamp="20230806 08:40:12.650" level="INFO">Status code: 200</msg>
<msg timestamp="20230806 08:40:12.650" level="INFO" html="true">&lt;font size="3"&gt;&lt;b&gt;Response from webservice:&lt;/b&gt;&lt;/font&gt; </msg>
<msg timestamp="20230806 08:40:12.650" level="INFO">&lt;soap:Envelope xmlns:soap="http://schemas.xmlsoap.org/soap/envelope/"&gt;
  &lt;soap:Body&gt;
    &lt;m:CapitalCityResponse xmlns:m="http://www.oorsprong.org/websamples.countryinfo"&gt;
      &lt;m:CapitalCityResult&gt;Lisbon&lt;/m:CapitalCityResult&gt;
    &lt;/m:CapitalCityResponse&gt;
  &lt;/soap:Body&gt;
&lt;/soap:Envelope&gt;
</msg>
<msg timestamp="20230806 08:40:12.650" level="INFO">${response} = &lt;Element {http://schemas.xmlsoap.org/soap/envelope/}Envelope at 0x1a55001aa40&gt;</msg>
<status status="PASS" starttime="20230806 08:40:12.586" endtime="20230806 08:40:12.650"/>
</kw>
<kw name="Save XML To File" library="SoapLibrary">
<var>${file}</var>
<arg>${response}</arg>
<arg>C:\\Users\\carlo\\OneDrive\\Área de Trabalho\\robot</arg>
<arg>response_test</arg>
<doc>Save the webservice response as an XML file.</doc>
<msg timestamp="20230806 08:40:12.652" level="INFO">${file} = C:\Users\carlo\OneDrive\Área de Trabalho\robot\response_test.xml</msg>
<status status="PASS" starttime="20230806 08:40:12.651" endtime="20230806 08:40:12.652"/>
</kw>
<kw name="Should Exist" library="OperatingSystem">
<arg>C:\\Users\\carlo\\OneDrive\\Área de Trabalho\\robot${/}response_test.xml</arg>
<doc>Fails unless the given path (file or directory) exists.</doc>
<msg timestamp="20230806 08:40:12.653" level="INFO" html="true">Path '&lt;a href="file://C:\Users\carlo\OneDrive\Área de Trabalho\robot\response_test.xml"&gt;C:\Users\carlo\OneDrive\Área de Trabalho\robot\response_test.xml&lt;/a&gt;' exists.</msg>
<status status="PASS" starttime="20230806 08:40:12.653" endtime="20230806 08:40:12.653"/>
</kw>
<tag>country_info</tag>
<status status="PASS" starttime="20230806 08:40:12.434" endtime="20230806 08:40:12.654"/>
</test>
<test id="s1-t12" name="Test Read tags with index" line="102">
<kw name="Create SOAP Client" library="SoapLibrary">
<arg>${wsdl_correios_price_calculator}</arg>
<doc>Loads a WSDL from the given ``url`` and creates a Zeep client.
List all Available operations/methods with INFO log level.</doc>
<msg timestamp="20230806 08:40:13.488" level="INFO">Connected to: http://ws.correios.com.br/calculador/CalcPrecoPrazo.asmx?wsdl</msg>
<msg timestamp="20230806 08:40:13.489" level="INFO">Available operations: ['CalcPrecoPrazo', 'CalcPrecoPrazoData', 'CalcPrecoPrazoRestricao', 'CalcPreco', 'CalcPrecoData', 'CalcPrazo', 'CalcPrazoData', 'CalcPrazoRestricao', 'CalcPrecoFAC', 'CalcDataMaxima', 'ListaServicos', 'ListaServicosSTAR', 'VerificaModal', 'getVersao', 'calcPrazoNovo']</msg>
<status status="PASS" starttime="20230806 08:40:12.656" endtime="20230806 08:40:13.489"/>
</kw>
<kw name="Call SOAP Method With XML" library="SoapLibrary">
<var>${response}</var>
<arg>${requests_dir}${/}Request_ListaServicos.xml</arg>
<doc>Send an XML file as a request to the SOAP client. The path to the Request XML file is required as argument,
the SOAP method is inside the XML file.</doc>
<msg timestamp="20230806 08:40:15.389" level="INFO">Status code: 200</msg>
<msg timestamp="20230806 08:40:15.391" level="INFO" html="true">&lt;font size="3"&gt;&lt;b&gt;Response from webservice:&lt;/b&gt;&lt;/font&gt; </msg>
<msg timestamp="20230806 08:40:15.392" level="INFO">&lt;soap:Envelope xmlns:soap="http://schemas.xmlsoap.org/soap/envelope/" xmlns:xsi="http://www.w3.org/2001/XMLSchema-instance" xmlns:xsd="http://www.w3.org/2001/XMLSchema"&gt;
  &lt;soap:Body&gt;
    &lt;ListaServicosResponse xmlns="http://tempuri.org/"&gt;
      &lt;ListaServicosResult&gt;
        &lt;ServicosCalculo&gt;
          &lt;cServicosCalculo&gt;
            &lt;codigo&gt;02259&lt;/codigo&gt;
            &lt;descricao&gt;MD COM GEOMARKETING POR REGIAO&lt;/descricao&gt;
            &lt;calcula_preco&gt;N&lt;/calcula_preco&gt;
            &lt;calcula_prazo&gt;S&lt;/calcula_prazo&gt;
            &lt;erro/&gt;
            &lt;msgErro/&gt;
          &lt;/cServicosCalculo&gt;
          &lt;cServicosCalculo&gt;
            &lt;codigo&gt;02267&lt;/codigo&gt;
            &lt;descricao&gt;MD COM GEOMARKETING ENDERECADA&lt;/descricao&gt;
            &lt;calcula_preco&gt;N&lt;/calcula_preco&gt;
            &lt;calcula_prazo&gt;S&lt;/calcula_prazo&gt;
            &lt;erro/&gt;
            &lt;msgErro/&gt;
          &lt;/cServicosCalculo&gt;
          &lt;cServicosCalculo&gt;
            &lt;codigo&gt;02275&lt;/codigo&gt;
            &lt;descricao&gt;MD COM GEOMARKETING ENDERECADA&lt;/descricao&gt;
            &lt;calcula_preco&gt;N&lt;/calcula_preco&gt;
            &lt;calcula_prazo&gt;S&lt;/calcula_prazo&gt;
            &lt;erro/&gt;
            &lt;msgErro/&gt;
          &lt;/cServicosCalculo&gt;
          &lt;cServicosCalculo&gt;
            &lt;codigo&gt;04014&lt;/codigo&gt;
            &lt;descricao&gt;SEDEX A VISTA                 &lt;/descricao&gt;
            &lt;calcula_preco&gt;S&lt;/calcula_preco&gt;
            &lt;calcula_prazo&gt;S&lt;/calcula_prazo&gt;
            &lt;erro/&gt;
            &lt;msgErro/&gt;
          &lt;/cServicosCalculo&gt;
          &lt;cServicosCalculo&gt;
            &lt;codigo&gt;04022&lt;/codigo&gt;
            &lt;descricao&gt;SEDEX ON LINE A VISTA         &lt;/descricao&gt;
            &lt;calcula_preco&gt;S&lt;/calcula_preco&gt;
            &lt;calcula_prazo&gt;S&lt;/calcula_prazo&gt;
            &lt;erro/&gt;
            &lt;msgErro/&gt;
          &lt;/cServicosCalculo&gt;
          &lt;cServicosCalculo&gt;
            &lt;codigo&gt;04030&lt;/codigo&gt;
            &lt;descricao&gt;PAC ON LINE A VISTA           &lt;/descricao&gt;
            &lt;calcula_preco&gt;S&lt;/calcula_preco&gt;
            &lt;calcula_prazo&gt;S&lt;/calcula_prazo&gt;
            &lt;erro/&gt;
            &lt;msgErro/&gt;
          &lt;/cServicosCalculo&gt;
          &lt;cServicosCalculo&gt;
            &lt;codigo&gt;04065&lt;/codigo&gt;
            &lt;descricao&gt;SEDEX A VISTA PGTO NA ENTREGA &lt;/descricao&gt;
            &lt;calcula_preco&gt;S&lt;/calcula_preco&gt;
            &lt;calcula_prazo&gt;S&lt;/calcula_prazo&gt;
            &lt;erro/&gt;
            &lt;msgErro/&gt;
          &lt;/cServicosCalculo&gt;
          &lt;cServicosCalculo&gt;
            &lt;codigo&gt;04073&lt;/codigo&gt;
            &lt;descricao&gt;SPP A VISTA E A FATURAR       &lt;/descricao&gt;
            &lt;calcula_preco&gt;S&lt;/calcula_preco&gt;
            &lt;calcula_prazo&gt;S&lt;/calcula_prazo&gt;
            &lt;erro/&gt;
            &lt;msgErro/&gt;
          &lt;/cServicosCalculo&gt;
          &lt;cServicosCalculo&gt;
            &lt;codigo&gt;04081&lt;/codigo&gt;
            &lt;descricao&gt;SPP A VISTA E A FATURAR       &lt;/descricao&gt;
            &lt;calcula_preco&gt;S&lt;/calcula_preco&gt;
            &lt;calcula_prazo&gt;S&lt;/calcula_prazo&gt;
            &lt;erro/&gt;
            &lt;msgErro/&gt;
          &lt;/cServicosCalculo&gt;
          &lt;cServicosCalculo&gt;
            &lt;codigo&gt;04103&lt;/codigo&gt;
            &lt;descricao&gt;COMBO SEDEX A VISTA           &lt;/descricao&gt;
            &lt;calcula_preco&gt;S&lt;/calcula_preco&gt;
            &lt;calcula_prazo&gt;S&lt;/calcula_prazo&gt;
            &lt;erro/&gt;
            &lt;msgErro/&gt;
          &lt;/cServicosCalculo&gt;
          &lt;cServicosCalculo&gt;
            &lt;codigo&gt;04138&lt;/codigo&gt;
            &lt;descricao&gt;SEDEX CONTR GRAND FORMATO     &lt;/descricao&gt;
            &lt;calcula_preco&gt;S&lt;/calcula_preco&gt;
            &lt;calcula_prazo&gt;S&lt;/calcula_prazo&gt;
            &lt;erro/&gt;
            &lt;msgErro/&gt;
          &lt;/cServicosCalculo&gt;
          &lt;cServicosCalculo&gt;
            &lt;codigo&gt;04146&lt;/codigo&gt;
            &lt;descricao&gt;SEDEX CONTR GRAND FORMATOS LM &lt;/descricao&gt;
            &lt;calcula_preco&gt;S&lt;/calcula_preco&gt;
            &lt;calcula_prazo&gt;S&lt;/calcula_prazo&gt;
            &lt;erro/&gt;
            &lt;msgErro/&gt;
          &lt;/cServicosCalculo&gt;
          &lt;cServicosCalculo&gt;
            &lt;codigo&gt;04154&lt;/codigo&gt;
            &lt;descricao&gt;SEDEX CONTRATO AGENCIA LM     &lt;/descricao&gt;
            &lt;calcula_preco&gt;S&lt;/calcula_preco&gt;
            &lt;calcula_prazo&gt;S&lt;/calcula_prazo&gt;
            &lt;erro/&gt;
            &lt;msgErro/&gt;
          &lt;/cServicosCalculo&gt;
          &lt;cServicosCalculo&gt;
            &lt;codigo&gt;04162&lt;/codigo&gt;
            &lt;descricao&gt;SEDEX CONTRATO AGENCIA        &lt;/descricao&gt;
            &lt;calcula_preco&gt;S&lt;/calcula_preco&gt;
            &lt;calcula_prazo&gt;S&lt;/calcula_prazo&gt;
            &lt;erro/&gt;
            &lt;msgErro/&gt;
          &lt;/cServicosCalculo&gt;
          &lt;cServicosCalculo&gt;
            &lt;codigo&gt;04162&lt;/codigo&gt;
            &lt;descricao&gt;SEDEX CONTRATO AGENCIA        &lt;/descricao&gt;
            &lt;calcula_preco&gt;S&lt;/calcula_preco&gt;
            &lt;calcula_prazo&gt;S&lt;/calcula_prazo&gt;
            &lt;erro/&gt;
            &lt;msgErro/&gt;
          &lt;/cServicosCalculo&gt;
          &lt;cServicosCalculo&gt;
            &lt;codigo&gt;04162&lt;/codigo&gt;
            &lt;descricao&gt;SEDEX CONTRATO AGENCIA        &lt;/descricao&gt;
            &lt;calcula_preco&gt;S&lt;/calcula_preco&gt;
            &lt;calcula_prazo&gt;S&lt;/calcula_prazo&gt;
            &lt;erro/&gt;
            &lt;msgErro/&gt;
          &lt;/cServicosCalculo&gt;
          &lt;cServicosCalculo&gt;
            &lt;codigo&gt;04170&lt;/codigo&gt;
            &lt;descricao&gt;SEDEX REVERSO ESPELHO 04162   &lt;/descricao&gt;
            &lt;calcula_preco&gt;S&lt;/calcula_preco&gt;
            &lt;calcula_prazo&gt;S&lt;/calcula_prazo&gt;
            &lt;erro/&gt;
            &lt;msgErro/&gt;
          &lt;/cServicosCalculo&gt;
          &lt;cServicosCalculo&gt;
            &lt;codigo&gt;04170&lt;/codigo&gt;
            &lt;descricao&gt;SEDEX REVERSO ESPELHO 04162   &lt;/descricao&gt;
            &lt;calcula_preco&gt;S&lt;/calcula_preco&gt;
            &lt;calcula_prazo&gt;S&lt;/calcula_prazo&gt;
            &lt;erro/&gt;
            &lt;msgErro/&gt;
          &lt;/cServicosCalculo&gt;
          &lt;cServicosCalculo&gt;
            &lt;codigo&gt;04170&lt;/codigo&gt;
            &lt;descricao&gt;SEDEX REVERSO ESPELHO 04162   &lt;/descricao&gt;
            &lt;calcula_preco&gt;S&lt;/calcula_preco&gt;
            &lt;calcula_prazo&gt;S&lt;/calcula_prazo&gt;
            &lt;erro/&gt;
            &lt;msgErro/&gt;
          &lt;/cServicosCalculo&gt;
          &lt;cServicosCalculo&gt;
            &lt;codigo&gt;04189&lt;/codigo&gt;
            &lt;descricao&gt;SEDEX CONTR AGENCIA PAGTO ENTR&lt;/descricao&gt;
            &lt;calcula_preco&gt;S&lt;/calcula_preco&gt;
            &lt;calcula_prazo&gt;S&lt;/calcula_prazo&gt;
            &lt;erro/&gt;
            &lt;msgErro/&gt;
          &lt;/cServicosCalculo&gt;
          &lt;cServicosCalculo&gt;
            &lt;codigo&gt;04197&lt;/codigo&gt;
            &lt;descricao&gt;COMBO SEDEX CONTRATO AGENCIA  &lt;/descricao&gt;
            &lt;calcula_preco&gt;S&lt;/calcula_preco&gt;
            &lt;calcula_prazo&gt;S&lt;/calcula_prazo&gt;
            &lt;erro/&gt;
            &lt;msgErro/&gt;
          &lt;/cServicosCalculo&gt;
          &lt;cServicosCalculo&gt;
            &lt;codigo&gt;04227&lt;/codigo&gt;
            &lt;descricao&gt;CORREIOS MINI ENVIOS CTR AG   &lt;/descricao&gt;
            &lt;calcula_preco&gt;S&lt;/calcula_preco&gt;
            &lt;calcula_prazo&gt;S&lt;/calcula_prazo&gt;
            &lt;erro/&gt;
            &lt;msgErro/&gt;
          &lt;/cServicosCalculo&gt;
          &lt;cServicosCalculo&gt;
            &lt;codigo&gt;04243&lt;/codigo&gt;
            &lt;descricao&gt;SEDEX REVERSO 04170 LM        &lt;/descricao&gt;
            &lt;calcula_preco&gt;S&lt;/calcula_preco&gt;
            &lt;calcula_prazo&gt;S&lt;/calcula_prazo&gt;
            &lt;erro/&gt;
            &lt;msgErro/&gt;
          &lt;/cServicosCalculo&gt;
          &lt;cServicosCalculo&gt;
            &lt;codigo&gt;04251&lt;/codigo&gt;
            &lt;descricao&gt;SEDEX CONTR AG PAGTO ENTREG LM&lt;/descricao&gt;
            &lt;calcula_preco&gt;S&lt;/calcula_preco&gt;
            &lt;calcula_prazo&gt;S&lt;/calcula_prazo&gt;
            &lt;erro/&gt;
            &lt;msgErro/&gt;
          &lt;/cServicosCalculo&gt;
          &lt;cServicosCalculo&gt;
            &lt;codigo&gt;04278&lt;/codigo&gt;
            &lt;descricao&gt;SEDEX CONTRATO UO LM          &lt;/descricao&gt;
            &lt;calcula_preco&gt;S&lt;/calcula_preco&gt;
            &lt;calcula_prazo&gt;S&lt;/calcula_prazo&gt;
            &lt;erro/&gt;
            &lt;msgErro/&gt;
          &lt;/cServicosCalculo&gt;
          &lt;cServicosCalculo&gt;
            &lt;codigo&gt;04308&lt;/codigo&gt;
            &lt;descricao&gt;PAC CONTR AG PAGTO ENTREGA LM &lt;/descricao&gt;
            &lt;calcula_preco&gt;S&lt;/calcula_preco&gt;
            &lt;calcula_prazo&gt;S&lt;/calcula_prazo&gt;
            &lt;erro/&gt;
            &lt;msgErro/&gt;
          &lt;/cServicosCalculo&gt;
          &lt;cServicosCalculo&gt;
            &lt;codigo&gt;04316&lt;/codigo&gt;
            &lt;descricao&gt;SEDEX CONTRATO   UO           &lt;/descricao&gt;
            &lt;calcula_preco&gt;S&lt;/calcula_preco&gt;
            &lt;calcula_prazo&gt;S&lt;/calcula_prazo&gt;
            &lt;erro/&gt;
            &lt;msgErro/&gt;
          &lt;/cServicosCalculo&gt;
          &lt;cServicosCalculo&gt;
            &lt;codigo&gt;04316&lt;/codigo&gt;
            &lt;descricao&gt;SEDEX CONTRATO   UO           &lt;/descricao&gt;
            &lt;calcula_preco&gt;S&lt;/calcula_preco&gt;
            &lt;calcula_prazo&gt;S&lt;/calcula_prazo&gt;
            &lt;erro/&gt;
            &lt;msgErro/&gt;
          &lt;/cServicosCalculo&gt;
          &lt;cServicosCalculo&gt;
            &lt;codigo&gt;04316&lt;/codigo&gt;
            &lt;descricao&gt;SEDEX CONTRATO   UO           &lt;/descricao&gt;
            &lt;calcula_preco&gt;S&lt;/calcula_preco&gt;
            &lt;calcula_prazo&gt;S&lt;/calcula_prazo&gt;
            &lt;erro/&gt;
            &lt;msgErro/&gt;
          &lt;/cServicosCalculo&gt;
          &lt;cServicosCalculo&gt;
            &lt;codigo&gt;04332&lt;/codigo&gt;
            &lt;descricao&gt;PAC CONTRATO UO LM            &lt;/descricao&gt;
            &lt;calcula_preco&gt;S&lt;/calcula_preco&gt;
            &lt;calcula_prazo&gt;S&lt;/calcula_prazo&gt;
            &lt;erro/&gt;
            &lt;msgErro/&gt;
          &lt;/cServicosCalculo&gt;
          &lt;cServicosCalculo&gt;
            &lt;codigo&gt;04340&lt;/codigo&gt;
            &lt;descricao&gt;COMBO SEDEX CONT AG AR ELET LM&lt;/descricao&gt;
            &lt;calcula_preco&gt;S&lt;/calcula_preco&gt;
            &lt;calcula_prazo&gt;S&lt;/calcula_prazo&gt;
            &lt;erro/&gt;
            &lt;msgErro/&gt;
          &lt;/cServicosCalculo&gt;
          &lt;cServicosCalculo&gt;
            &lt;codigo&gt;04359&lt;/codigo&gt;
            &lt;descricao&gt;COMBO SEDEX CONTRATO AGENCI LM&lt;/descricao&gt;
            &lt;calcula_preco&gt;S&lt;/calcula_preco&gt;
            &lt;calcula_prazo&gt;S&lt;/calcula_prazo&gt;
            &lt;erro/&gt;
            &lt;msgErro/&gt;
          &lt;/cServicosCalculo&gt;
          &lt;cServicosCalculo&gt;
            &lt;codigo&gt;04367&lt;/codigo&gt;
            &lt;descricao&gt;PAC CONTRATO AGENCIA LM       &lt;/descricao&gt;
            &lt;calcula_preco&gt;S&lt;/calcula_preco&gt;
            &lt;calcula_prazo&gt;S&lt;/calcula_prazo&gt;
            &lt;erro/&gt;
            &lt;msgErro/&gt;
          &lt;/cServicosCalculo&gt;
          &lt;cServicosCalculo&gt;
            &lt;codigo&gt;04375&lt;/codigo&gt;
            &lt;descricao&gt;PAC REVERSO 04677 LM          &lt;/descricao&gt;
            &lt;calcula_preco&gt;S&lt;/calcula_preco&gt;
            &lt;calcula_prazo&gt;S&lt;/calcula_prazo&gt;
            &lt;erro/&gt;
            &lt;msgErro/&gt;
          &lt;/cServicosCalculo&gt;
          &lt;cServicosCalculo&gt;
            &lt;codigo&gt;04383&lt;/codigo&gt;
            &lt;descricao&gt;PAC CONTR GRANDES FORMATOS LM &lt;/descricao&gt;
            &lt;calcula_preco&gt;S&lt;/calcula_preco&gt;
            &lt;calcula_prazo&gt;S&lt;/calcula_prazo&gt;
            &lt;erro/&gt;
            &lt;msgErro/&gt;
          &lt;/cServicosCalculo&gt;
          &lt;cServicosCalculo&gt;
            &lt;codigo&gt;04405&lt;/codigo&gt;
            &lt;descricao&gt;SEDEX 12 SCADA A VISTA        &lt;/descricao&gt;
            &lt;calcula_preco&gt;S&lt;/calcula_preco&gt;
            &lt;calcula_prazo&gt;S&lt;/calcula_prazo&gt;
            &lt;erro/&gt;
            &lt;msgErro/&gt;
          &lt;/cServicosCalculo&gt;
          &lt;cServicosCalculo&gt;
            &lt;codigo&gt;04413&lt;/codigo&gt;
            &lt;descricao&gt;SEDEX 12 REVERSO SGPB A FATURA&lt;/descricao&gt;
            &lt;calcula_preco&gt;S&lt;/calcula_preco&gt;
            &lt;calcula_prazo&gt;S&lt;/calcula_prazo&gt;
            &lt;erro/&gt;
            &lt;msgErro/&gt;
          &lt;/cServicosCalculo&gt;
          &lt;cServicosCalculo&gt;
            &lt;codigo&gt;04421&lt;/codigo&gt;
            &lt;descricao&gt;SEDEX 10 SCADA A VISTA        &lt;/descricao&gt;
            &lt;calcula_preco&gt;S&lt;/calcula_preco&gt;
            &lt;calcula_prazo&gt;S&lt;/calcula_prazo&gt;
            &lt;erro/&gt;
            &lt;msgErro/&gt;
          &lt;/cServicosCalculo&gt;
          &lt;cServicosCalculo&gt;
            &lt;codigo&gt;04430&lt;/codigo&gt;
            &lt;descricao&gt;SEDEX HOJE SCADA  A VISTA FATU&lt;/descricao&gt;
            &lt;calcula_preco&gt;S&lt;/calcula_preco&gt;
            &lt;calcula_prazo&gt;S&lt;/calcula_prazo&gt;
            &lt;erro/&gt;
            &lt;msgErro/&gt;
          &lt;/cServicosCalculo&gt;
          &lt;cServicosCalculo&gt;
            &lt;codigo&gt;04448&lt;/codigo&gt;
            &lt;descricao&gt;SEDEX HOJE REVERSO SGPB FATURA&lt;/descricao&gt;
            &lt;calcula_preco&gt;S&lt;/calcula_preco&gt;
            &lt;calcula_prazo&gt;S&lt;/calcula_prazo&gt;
            &lt;erro/&gt;
            &lt;msgErro/&gt;
          &lt;/cServicosCalculo&gt;
          &lt;cServicosCalculo&gt;
            &lt;codigo&gt;04456&lt;/codigo&gt;
            &lt;descricao&gt;COMBO SEDEX 10 SCADA A VISTA  &lt;/descricao&gt;
            &lt;calcula_preco&gt;S&lt;/calcula_preco&gt;
            &lt;calcula_prazo&gt;S&lt;/calcula_prazo&gt;
            &lt;erro/&gt;
            &lt;msgErro/&gt;
          &lt;/cServicosCalculo&gt;
          &lt;cServicosCalculo&gt;
            &lt;codigo&gt;04464&lt;/codigo&gt;
            &lt;descricao&gt;COMBO SEDEX HOJE SCADA VIST FA&lt;/descricao&gt;
            &lt;calcula_preco&gt;S&lt;/calcula_preco&gt;
            &lt;calcula_prazo&gt;S&lt;/calcula_prazo&gt;
            &lt;erro/&gt;
            &lt;msgErro/&gt;
          &lt;/cServicosCalculo&gt;
          &lt;cServicosCalculo&gt;
            &lt;codigo&gt;04472&lt;/codigo&gt;
            &lt;descricao&gt;COMBO SEDEX 12 SCADA A VISTA  &lt;/descricao&gt;
            &lt;calcula_preco&gt;S&lt;/calcula_preco&gt;
            &lt;calcula_prazo&gt;S&lt;/calcula_prazo&gt;
            &lt;erro/&gt;
            &lt;msgErro/&gt;
          &lt;/cServicosCalculo&gt;
          &lt;cServicosCalculo&gt;
            &lt;codigo&gt;04499&lt;/codigo&gt;
            &lt;descricao&gt;COMBO SEDEX 12 AR ELETR SCADA &lt;/descricao&gt;
            &lt;calcula_preco&gt;S&lt;/calcula_preco&gt;
            &lt;calcula_prazo&gt;S&lt;/calcula_prazo&gt;
            &lt;erro/&gt;
            &lt;msgErro/&gt;
          &lt;/cServicosCalculo&gt;
          &lt;cServicosCalculo&gt;
            &lt;codigo&gt;04502&lt;/codigo&gt;
            &lt;descricao&gt;COMBO SEDEX 10 AR ELETR SCADA &lt;/descricao&gt;
            &lt;calcula_preco&gt;S&lt;/calcula_preco&gt;
            &lt;calcula_prazo&gt;S&lt;/calcula_prazo&gt;
            &lt;erro/&gt;
            &lt;msgErro/&gt;
          &lt;/cServicosCalculo&gt;
          &lt;cServicosCalculo&gt;
            &lt;codigo&gt;04510&lt;/codigo&gt;
            &lt;descricao&gt;PAC A VISTA                   &lt;/descricao&gt;
            &lt;calcula_preco&gt;S&lt;/calcula_preco&gt;
            &lt;calcula_prazo&gt;S&lt;/calcula_prazo&gt;
            &lt;erro/&gt;
            &lt;msgErro/&gt;
          &lt;/cServicosCalculo&gt;
          &lt;cServicosCalculo&gt;
            &lt;codigo&gt;04529&lt;/codigo&gt;
            &lt;descricao&gt;COMBO SEDEX HOJE AR ELET SCADA&lt;/descricao&gt;
            &lt;calcula_preco&gt;S&lt;/calcula_preco&gt;
            &lt;calcula_prazo&gt;S&lt;/calcula_prazo&gt;
            &lt;erro/&gt;
            &lt;msgErro/&gt;
          &lt;/cServicosCalculo&gt;
          &lt;cServicosCalculo&gt;
            &lt;codigo&gt;04537&lt;/codigo&gt;
            &lt;descricao&gt;SEDEX CONTR GRAND FORMATO     &lt;/descricao&gt;
            &lt;calcula_preco&gt;S&lt;/calcula_preco&gt;
            &lt;calcula_prazo&gt;S&lt;/calcula_prazo&gt;
            &lt;erro/&gt;
            &lt;msgErro/&gt;
          &lt;/cServicosCalculo&gt;
          &lt;cServicosCalculo&gt;
            &lt;codigo&gt;04553&lt;/codigo&gt;
            &lt;descricao&gt;SEDEX CONTRATO AGENCIA TA     &lt;/descricao&gt;
            &lt;calcula_preco&gt;S&lt;/calcula_preco&gt;
            &lt;calcula_prazo&gt;S&lt;/calcula_prazo&gt;
            &lt;erro/&gt;
            &lt;msgErro/&gt;
          &lt;/cServicosCalculo&gt;
          &lt;cServicosCalculo&gt;
            &lt;codigo&gt;04561&lt;/codigo&gt;
            &lt;descricao&gt;SEDEX CONT AG PAG ENT TA      &lt;/descricao&gt;
            &lt;calcula_preco&gt;S&lt;/calcula_preco&gt;
            &lt;calcula_prazo&gt;S&lt;/calcula_prazo&gt;
            &lt;erro/&gt;
            &lt;msgErro/&gt;
          &lt;/cServicosCalculo&gt;
          &lt;cServicosCalculo&gt;
            &lt;codigo&gt;04588&lt;/codigo&gt;
            &lt;descricao&gt;COMBO SEDEX CONT AG TA        &lt;/descricao&gt;
            &lt;calcula_preco&gt;S&lt;/calcula_preco&gt;
            &lt;calcula_prazo&gt;S&lt;/calcula_prazo&gt;
            &lt;erro/&gt;
            &lt;msgErro/&gt;
          &lt;/cServicosCalculo&gt;
          &lt;cServicosCalculo&gt;
            &lt;codigo&gt;04596&lt;/codigo&gt;
            &lt;descricao&gt;PAC CONTRATO AGENCIA TA       &lt;/descricao&gt;
            &lt;calcula_preco&gt;S&lt;/calcula_preco&gt;
            &lt;calcula_prazo&gt;S&lt;/calcula_prazo&gt;
            &lt;erro/&gt;
            &lt;msgErro/&gt;
          &lt;/cServicosCalculo&gt;
          &lt;cServicosCalculo&gt;
            &lt;codigo&gt;04600&lt;/codigo&gt;
            &lt;descricao&gt;PAC CONT AG PAG ENT TA        &lt;/descricao&gt;
            &lt;calcula_preco&gt;S&lt;/calcula_preco&gt;
            &lt;calcula_prazo&gt;S&lt;/calcula_prazo&gt;
            &lt;erro/&gt;
            &lt;msgErro/&gt;
          &lt;/cServicosCalculo&gt;
          &lt;cServicosCalculo&gt;
            &lt;codigo&gt;04618&lt;/codigo&gt;
            &lt;descricao&gt;PAC CONTR GRAND FORMATO       &lt;/descricao&gt;
            &lt;calcula_preco&gt;S&lt;/calcula_preco&gt;
            &lt;calcula_prazo&gt;S&lt;/calcula_prazo&gt;
            &lt;erro/&gt;
            &lt;msgErro/&gt;
          &lt;/cServicosCalculo&gt;
          &lt;cServicosCalculo&gt;
            &lt;codigo&gt;04669&lt;/codigo&gt;
            &lt;descricao&gt;PAC CONTRATO AGENCIA          &lt;/descricao&gt;
            &lt;calcula_preco&gt;S&lt;/calcula_preco&gt;
            &lt;calcula_prazo&gt;S&lt;/calcula_prazo&gt;
            &lt;erro/&gt;
            &lt;msgErro/&gt;
          &lt;/cServicosCalculo&gt;
          &lt;cServicosCalculo&gt;
            &lt;codigo&gt;04669&lt;/codigo&gt;
            &lt;descricao&gt;PAC CONTRATO AGENCIA          &lt;/descricao&gt;
            &lt;calcula_preco&gt;S&lt;/calcula_preco&gt;
            &lt;calcula_prazo&gt;S&lt;/calcula_prazo&gt;
            &lt;erro/&gt;
            &lt;msgErro/&gt;
          &lt;/cServicosCalculo&gt;
          &lt;cServicosCalculo&gt;
            &lt;codigo&gt;04677&lt;/codigo&gt;
            &lt;descricao&gt;PAC REVERSO ESPELHO 04669     &lt;/descricao&gt;
            &lt;calcula_preco&gt;S&lt;/calcula_preco&gt;
            &lt;calcula_prazo&gt;S&lt;/calcula_prazo&gt;
            &lt;erro/&gt;
            &lt;msgErro/&gt;
          &lt;/cServicosCalculo&gt;
          &lt;cServicosCalculo&gt;
            &lt;codigo&gt;04677&lt;/codigo&gt;
            &lt;descricao&gt;PAC REVERSO ESPELHO 04669     &lt;/descricao&gt;
            &lt;calcula_preco&gt;S&lt;/calcula_preco&gt;
            &lt;calcula_prazo&gt;S&lt;/calcula_prazo&gt;
            &lt;erro/&gt;
            &lt;msgErro/&gt;
          &lt;/cServicosCalculo&gt;
          &lt;cServicosCalculo&gt;
            &lt;codigo&gt;04685&lt;/codigo&gt;
            &lt;descricao&gt;PAC CONTRATO AGENCIA PAGTO ENT&lt;/descricao&gt;
            &lt;calcula_preco&gt;S&lt;/calcula_preco&gt;
            &lt;calcula_prazo&gt;S&lt;/calcula_prazo&gt;
            &lt;erro/&gt;
            &lt;msgErro/&gt;
          &lt;/cServicosCalculo&gt;
          &lt;cServicosCalculo&gt;
            &lt;codigo&gt;04693&lt;/codigo&gt;
            &lt;descricao&gt;PAC CONTR GRAND FORMATO       &lt;/descricao&gt;
            &lt;calcula_preco&gt;S&lt;/calcula_preco&gt;
            &lt;calcula_prazo&gt;S&lt;/calcula_prazo&gt;
            &lt;erro/&gt;
            &lt;msgErro/&gt;
          &lt;/cServicosCalculo&gt;
          &lt;cServicosCalculo&gt;
            &lt;codigo&gt;04707&lt;/codigo&gt;
            &lt;descricao&gt;PAC A VISTA PAGTO NA ENTREGA  &lt;/descricao&gt;
            &lt;calcula_preco&gt;S&lt;/calcula_preco&gt;
            &lt;calcula_prazo&gt;S&lt;/calcula_prazo&gt;
            &lt;erro/&gt;
            &lt;msgErro/&gt;
          &lt;/cServicosCalculo&gt;
          &lt;cServicosCalculo&gt;
            &lt;codigo&gt;04715&lt;/codigo&gt;
            &lt;descricao&gt;COMBO PAC A VISTA             &lt;/descricao&gt;
            &lt;calcula_preco&gt;S&lt;/calcula_preco&gt;
            &lt;calcula_prazo&gt;S&lt;/calcula_prazo&gt;
            &lt;erro/&gt;
            &lt;msgErro/&gt;
          &lt;/cServicosCalculo&gt;
          &lt;cServicosCalculo&gt;
            &lt;codigo&gt;04812&lt;/codigo&gt;
            &lt;descricao&gt;PAC CONTRATO   UO             &lt;/descricao&gt;
            &lt;calcula_preco&gt;S&lt;/calcula_preco&gt;
            &lt;calcula_prazo&gt;S&lt;/calcula_prazo&gt;
            &lt;erro/&gt;
            &lt;msgErro/&gt;
          &lt;/cServicosCalculo&gt;
          &lt;cServicosCalculo&gt;
            &lt;codigo&gt;04812&lt;/codigo&gt;
            &lt;descricao&gt;PAC CONTRATO   UO             &lt;/descricao&gt;
            &lt;calcula_preco&gt;S&lt;/calcula_preco&gt;
            &lt;calcula_prazo&gt;S&lt;/calcula_prazo&gt;
            &lt;erro/&gt;
            &lt;msgErro/&gt;
          &lt;/cServicosCalculo&gt;
          &lt;cServicosCalculo&gt;
            &lt;codigo&gt;04812&lt;/codigo&gt;
            &lt;descricao&gt;PAC CONTRATO   UO             &lt;/descricao&gt;
            &lt;calcula_preco&gt;S&lt;/calcula_preco&gt;
            &lt;calcula_prazo&gt;S&lt;/calcula_prazo&gt;
            &lt;erro/&gt;
            &lt;msgErro/&gt;
          &lt;/cServicosCalculo&gt;
          &lt;cServicosCalculo&gt;
            &lt;codigo&gt;04839&lt;/codigo&gt;
            &lt;descricao&gt;COMBO SEDEX A VISTA AR ELETRON&lt;/descricao&gt;
            &lt;calcula_preco&gt;S&lt;/calcula_preco&gt;
            &lt;calcula_prazo&gt;S&lt;/calcula_prazo&gt;
            &lt;erro/&gt;
            &lt;msgErro/&gt;
          &lt;/cServicosCalculo&gt;
          &lt;cServicosCalculo&gt;
            &lt;codigo&gt;04901&lt;/codigo&gt;
            &lt;descricao&gt;COMBO SEDEX A VISTA EMBALAGEM &lt;/descricao&gt;
            &lt;calcula_preco&gt;S&lt;/calcula_preco&gt;
            &lt;calcula_prazo&gt;S&lt;/calcula_prazo&gt;
            &lt;erro/&gt;
            &lt;msgErro/&gt;
          &lt;/cServicosCalculo&gt;
          &lt;cServicosCalculo&gt;
            &lt;codigo&gt;04910&lt;/codigo&gt;
            &lt;descricao&gt;COMBO PAC A VISTA EMBALAGEM   &lt;/descricao&gt;
            &lt;calcula_preco&gt;S&lt;/calcula_preco&gt;
            &lt;calcula_prazo&gt;S&lt;/calcula_prazo&gt;
            &lt;erro/&gt;
            &lt;msgErro/&gt;
          &lt;/cServicosCalculo&gt;
          &lt;cServicosCalculo&gt;
            &lt;codigo&gt;04928&lt;/codigo&gt;
            &lt;descricao&gt;SEDEX REVERSO TA ESPELHO 04553&lt;/descricao&gt;
            &lt;calcula_preco&gt;S&lt;/calcula_preco&gt;
            &lt;calcula_prazo&gt;S&lt;/calcula_prazo&gt;
            &lt;erro/&gt;
            &lt;msgErro/&gt;
          &lt;/cServicosCalculo&gt;
          &lt;cServicosCalculo&gt;
            &lt;codigo&gt;04936&lt;/codigo&gt;
            &lt;descricao&gt;PAC REVERSO TA ESPELHO 04596  &lt;/descricao&gt;
            &lt;calcula_preco&gt;S&lt;/calcula_preco&gt;
            &lt;calcula_prazo&gt;S&lt;/calcula_prazo&gt;
            &lt;erro/&gt;
            &lt;msgErro/&gt;
          &lt;/cServicosCalculo&gt;
          &lt;cServicosCalculo&gt;
            &lt;codigo&gt;10014&lt;/codigo&gt;
            &lt;descricao&gt;CARTA SIMPLES A VISTA         &lt;/descricao&gt;
            &lt;calcula_preco&gt;N&lt;/calcula_preco&gt;
            &lt;calcula_prazo&gt;S&lt;/calcula_prazo&gt;
            &lt;erro/&gt;
            &lt;msgErro/&gt;
          &lt;/cServicosCalculo&gt;
          &lt;cServicosCalculo&gt;
            &lt;codigo&gt;10022&lt;/codigo&gt;
            &lt;descricao&gt;CARTA SOCIAL                  &lt;/descricao&gt;
            &lt;calcula_preco&gt;N&lt;/calcula_preco&gt;
            &lt;calcula_prazo&gt;S&lt;/calcula_prazo&gt;
            &lt;erro/&gt;
            &lt;msgErro/&gt;
          &lt;/cServicosCalculo&gt;
          &lt;cServicosCalculo&gt;
            &lt;codigo&gt;10030&lt;/codigo&gt;
            &lt;descricao&gt;CARTA REGISTRADA VISTA SELO   &lt;/descricao&gt;
            &lt;calcula_preco&gt;N&lt;/calcula_preco&gt;
            &lt;calcula_prazo&gt;S&lt;/calcula_prazo&gt;
            &lt;erro/&gt;
            &lt;msgErro/&gt;
          &lt;/cServicosCalculo&gt;
          &lt;cServicosCalculo&gt;
            &lt;codigo&gt;10057&lt;/codigo&gt;
            &lt;descricao&gt;CARTA FATURAR OP ACIMA 500 GR &lt;/descricao&gt;
            &lt;calcula_preco&gt;N&lt;/calcula_preco&gt;
            &lt;calcula_prazo&gt;S&lt;/calcula_prazo&gt;
            &lt;erro/&gt;
            &lt;msgErro/&gt;
          &lt;/cServicosCalculo&gt;
          &lt;cServicosCalculo&gt;
            &lt;codigo&gt;10065&lt;/codigo&gt;
            &lt;descricao&gt;CARTA A FATURAR CHANCELA      &lt;/descricao&gt;
            &lt;calcula_preco&gt;N&lt;/calcula_preco&gt;
            &lt;calcula_prazo&gt;S&lt;/calcula_prazo&gt;
            &lt;erro/&gt;
            &lt;msgErro/&gt;
          &lt;/cServicosCalculo&gt;
          &lt;cServicosCalculo&gt;
            &lt;codigo&gt;10073&lt;/codigo&gt;
            &lt;descricao&gt;CARTA AGF OP                  &lt;/descricao&gt;
            &lt;calcula_preco&gt;N&lt;/calcula_preco&gt;
            &lt;calcula_prazo&gt;S&lt;/calcula_prazo&gt;
            &lt;erro/&gt;
            &lt;msgErro/&gt;
          &lt;/cServicosCalculo&gt;
          &lt;cServicosCalculo&gt;
            &lt;codigo&gt;10081&lt;/codigo&gt;
            &lt;descricao&gt;CARTA REGISTRADA O3 ETIQ      &lt;/descricao&gt;
            &lt;calcula_preco&gt;N&lt;/calcula_preco&gt;
            &lt;calcula_prazo&gt;S&lt;/calcula_prazo&gt;
            &lt;erro/&gt;
            &lt;msgErro/&gt;
          &lt;/cServicosCalculo&gt;
          &lt;cServicosCalculo&gt;
            &lt;codigo&gt;10090&lt;/codigo&gt;
            &lt;descricao&gt;CARTA REGISTRADA PR1 SELO E SE&lt;/descricao&gt;
            &lt;calcula_preco&gt;N&lt;/calcula_preco&gt;
            &lt;calcula_prazo&gt;S&lt;/calcula_prazo&gt;
            &lt;erro/&gt;
            &lt;msgErro/&gt;
          &lt;/cServicosCalculo&gt;
          &lt;cServicosCalculo&gt;
            &lt;codigo&gt;10120&lt;/codigo&gt;
            &lt;descricao&gt;CARTA SIMPLES ADMINISTRATIVA  &lt;/descricao&gt;
            &lt;calcula_preco&gt;N&lt;/calcula_preco&gt;
            &lt;calcula_prazo&gt;S&lt;/calcula_prazo&gt;
            &lt;erro/&gt;
            &lt;msgErro/&gt;
          &lt;/cServicosCalculo&gt;
          &lt;cServicosCalculo&gt;
            &lt;codigo&gt;10138&lt;/codigo&gt;
            &lt;descricao&gt;CARTA REG FAT ETIQ            &lt;/descricao&gt;
            &lt;calcula_preco&gt;N&lt;/calcula_preco&gt;
            &lt;calcula_prazo&gt;S&lt;/calcula_prazo&gt;
            &lt;erro/&gt;
            &lt;msgErro/&gt;
          &lt;/cServicosCalculo&gt;
          &lt;cServicosCalculo&gt;
            &lt;codigo&gt;10146&lt;/codigo&gt;
            &lt;descricao&gt;CARTA REG MOD FAT ETIQ        &lt;/descricao&gt;
            &lt;calcula_preco&gt;N&lt;/calcula_preco&gt;
            &lt;calcula_prazo&gt;S&lt;/calcula_prazo&gt;
            &lt;erro/&gt;
            &lt;msgErro/&gt;
          &lt;/cServicosCalculo&gt;
          &lt;cServicosCalculo&gt;
            &lt;codigo&gt;10154&lt;/codigo&gt;
            &lt;descricao&gt;CARTA REGISTRADA O1 ETIQ      &lt;/descricao&gt;
            &lt;calcula_preco&gt;N&lt;/calcula_preco&gt;
            &lt;calcula_prazo&gt;S&lt;/calcula_prazo&gt;
            &lt;erro/&gt;
            &lt;msgErro/&gt;
          &lt;/cServicosCalculo&gt;
          &lt;cServicosCalculo&gt;
            &lt;codigo&gt;10162&lt;/codigo&gt;
            &lt;descricao&gt;CARTA REGISTRADA O2 ETIQ      &lt;/descricao&gt;
            &lt;calcula_preco&gt;N&lt;/calcula_preco&gt;
            &lt;calcula_prazo&gt;S&lt;/calcula_prazo&gt;
            &lt;erro/&gt;
            &lt;msgErro/&gt;
          &lt;/cServicosCalculo&gt;
          &lt;cServicosCalculo&gt;
            &lt;codigo&gt;10189&lt;/codigo&gt;
            &lt;descricao&gt;E CARTA A4 MON RG FAIXA 1     &lt;/descricao&gt;
            &lt;calcula_preco&gt;N&lt;/calcula_preco&gt;
            &lt;calcula_prazo&gt;S&lt;/calcula_prazo&gt;
            &lt;erro/&gt;
            &lt;msgErro/&gt;
          &lt;/cServicosCalculo&gt;
          &lt;cServicosCalculo&gt;
            &lt;codigo&gt;10200&lt;/codigo&gt;
            &lt;descricao&gt;CARTA REGISTRADA PL3          &lt;/descricao&gt;
            &lt;calcula_preco&gt;N&lt;/calcula_preco&gt;
            &lt;calcula_prazo&gt;S&lt;/calcula_prazo&gt;
            &lt;erro/&gt;
            &lt;msgErro/&gt;
          &lt;/cServicosCalculo&gt;
          &lt;cServicosCalculo&gt;
            &lt;codigo&gt;10456&lt;/codigo&gt;
            &lt;descricao&gt;E CARTA A4 MON RG ARD FAIXA 1 &lt;/descricao&gt;
            &lt;calcula_preco&gt;N&lt;/calcula_preco&gt;
            &lt;calcula_prazo&gt;S&lt;/calcula_prazo&gt;
            &lt;erro/&gt;
            &lt;msgErro/&gt;
          &lt;/cServicosCalculo&gt;
          &lt;cServicosCalculo&gt;
            &lt;codigo&gt;10499&lt;/codigo&gt;
            &lt;descricao&gt;E CARTA A4 MON RG ARD FAIXA 5 &lt;/descricao&gt;
            &lt;calcula_preco&gt;N&lt;/calcula_preco&gt;
            &lt;calcula_prazo&gt;S&lt;/calcula_prazo&gt;
            &lt;erro/&gt;
            &lt;msgErro/&gt;
          &lt;/cServicosCalculo&gt;
          &lt;cServicosCalculo&gt;
            &lt;codigo&gt;10502&lt;/codigo&gt;
            &lt;descricao&gt;E CARTA A4 MON RG ARD FAIXA 6 &lt;/descricao&gt;
            &lt;calcula_preco&gt;N&lt;/calcula_preco&gt;
            &lt;calcula_prazo&gt;S&lt;/calcula_prazo&gt;
            &lt;erro/&gt;
            &lt;msgErro/&gt;
          &lt;/cServicosCalculo&gt;
          &lt;cServicosCalculo&gt;
            &lt;codigo&gt;10510&lt;/codigo&gt;
            &lt;descricao&gt;E CARTA A4 MON RG ARD FAIXA 7 &lt;/descricao&gt;
            &lt;calcula_preco&gt;N&lt;/calcula_preco&gt;
            &lt;calcula_prazo&gt;S&lt;/calcula_prazo&gt;
            &lt;erro/&gt;
            &lt;msgErro/&gt;
          &lt;/cServicosCalculo&gt;
          &lt;cServicosCalculo&gt;
            &lt;codigo&gt;10570&lt;/codigo&gt;
            &lt;descricao&gt;E CARTA A4 MON RG ARD FAIXA 13&lt;/descricao&gt;
            &lt;calcula_preco&gt;N&lt;/calcula_preco&gt;
            &lt;calcula_prazo&gt;S&lt;/calcula_prazo&gt;
            &lt;erro/&gt;
            &lt;msgErro/&gt;
          &lt;/cServicosCalculo&gt;
          &lt;cServicosCalculo&gt;
            &lt;codigo&gt;10600&lt;/codigo&gt;
            &lt;descricao&gt;E CARTA A4 MON RG ARD FAIXA 15&lt;/descricao&gt;
            &lt;calcula_preco&gt;N&lt;/calcula_preco&gt;
            &lt;calcula_prazo&gt;S&lt;/calcula_prazo&gt;
            &lt;erro/&gt;
            &lt;msgErro/&gt;
          &lt;/cServicosCalculo&gt;
          &lt;cServicosCalculo&gt;
            &lt;codigo&gt;10669&lt;/codigo&gt;
            &lt;descricao&gt;E CARTA A4 MON RG ARD FX 15   &lt;/descricao&gt;
            &lt;calcula_preco&gt;N&lt;/calcula_preco&gt;
            &lt;calcula_prazo&gt;S&lt;/calcula_prazo&gt;
            &lt;erro/&gt;
            &lt;msgErro/&gt;
          &lt;/cServicosCalculo&gt;
          &lt;cServicosCalculo&gt;
            &lt;codigo&gt;10707&lt;/codigo&gt;
            &lt;descricao&gt;CARTA COM REG CTR EP MÁQ FRAN &lt;/descricao&gt;
            &lt;calcula_preco&gt;N&lt;/calcula_preco&gt;
            &lt;calcula_prazo&gt;S&lt;/calcula_prazo&gt;
            &lt;erro/&gt;
            &lt;msgErro/&gt;
          &lt;/cServicosCalculo&gt;
          &lt;cServicosCalculo&gt;
            &lt;codigo&gt;10715&lt;/codigo&gt;
            &lt;descricao&gt;CARTA COM SIMPLES CTO MÁQ FRAN&lt;/descricao&gt;
            &lt;calcula_preco&gt;N&lt;/calcula_preco&gt;
            &lt;calcula_prazo&gt;S&lt;/calcula_prazo&gt;
            &lt;erro/&gt;
            &lt;msgErro/&gt;
          &lt;/cServicosCalculo&gt;
          &lt;cServicosCalculo&gt;
            &lt;codigo&gt;10723&lt;/codigo&gt;
            &lt;descricao&gt;CARTA COM REG MOD CTO EP MÁQ F&lt;/descricao&gt;
            &lt;calcula_preco&gt;N&lt;/calcula_preco&gt;
            &lt;calcula_prazo&gt;S&lt;/calcula_prazo&gt;
            &lt;erro/&gt;
            &lt;msgErro/&gt;
          &lt;/cServicosCalculo&gt;
          &lt;cServicosCalculo&gt;
            &lt;codigo&gt;10987&lt;/codigo&gt;
            &lt;descricao&gt;REGISTRADO ADMINISTRATIVO     &lt;/descricao&gt;
            &lt;calcula_preco&gt;N&lt;/calcula_preco&gt;
            &lt;calcula_prazo&gt;S&lt;/calcula_prazo&gt;
            &lt;erro/&gt;
            &lt;msgErro/&gt;
          &lt;/cServicosCalculo&gt;
          &lt;cServicosCalculo&gt;
            &lt;codigo&gt;11711&lt;/codigo&gt;
            &lt;descricao&gt;CARTA REGISTRADA C AR B1      &lt;/descricao&gt;
            &lt;calcula_preco&gt;N&lt;/calcula_preco&gt;
            &lt;calcula_prazo&gt;S&lt;/calcula_prazo&gt;
            &lt;erro/&gt;
            &lt;msgErro/&gt;
          &lt;/cServicosCalculo&gt;
          &lt;cServicosCalculo&gt;
            &lt;codigo&gt;11720&lt;/codigo&gt;
            &lt;descricao&gt;CARTA REGISTRADA C AR PR1     &lt;/descricao&gt;
            &lt;calcula_preco&gt;N&lt;/calcula_preco&gt;
            &lt;calcula_prazo&gt;S&lt;/calcula_prazo&gt;
            &lt;erro/&gt;
            &lt;msgErro/&gt;
          &lt;/cServicosCalculo&gt;
          &lt;cServicosCalculo&gt;
            &lt;codigo&gt;11835&lt;/codigo&gt;
            &lt;descricao&gt;CARTA REGISTRADA O3           &lt;/descricao&gt;
            &lt;calcula_preco&gt;N&lt;/calcula_preco&gt;
            &lt;calcula_prazo&gt;S&lt;/calcula_prazo&gt;
            &lt;erro/&gt;
            &lt;msgErro/&gt;
          &lt;/cServicosCalculo&gt;
          &lt;cServicosCalculo&gt;
            &lt;codigo&gt;11843&lt;/codigo&gt;
            &lt;descricao&gt;CARTA REGISTRADA O4           &lt;/descricao&gt;
            &lt;calcula_preco&gt;N&lt;/calcula_preco&gt;
            &lt;calcula_prazo&gt;S&lt;/calcula_prazo&gt;
            &lt;erro/&gt;
            &lt;msgErro/&gt;
          &lt;/cServicosCalculo&gt;
          &lt;cServicosCalculo&gt;
            &lt;codigo&gt;11851&lt;/codigo&gt;
            &lt;descricao&gt;CARTA REGISTRADA PL1          &lt;/descricao&gt;
            &lt;calcula_preco&gt;N&lt;/calcula_preco&gt;
            &lt;calcula_prazo&gt;S&lt;/calcula_prazo&gt;
            &lt;erro/&gt;
            &lt;msgErro/&gt;
          &lt;/cServicosCalculo&gt;
          &lt;cServicosCalculo&gt;
            &lt;codigo&gt;11860&lt;/codigo&gt;
            &lt;descricao&gt;E CARTA TABELA BASE ECD       &lt;/descricao&gt;
            &lt;calcula_preco&gt;N&lt;/calcula_preco&gt;
            &lt;calcula_prazo&gt;S&lt;/calcula_prazo&gt;
            &lt;erro/&gt;
            &lt;msgErro/&gt;
          &lt;/cServicosCalculo&gt;
          &lt;cServicosCalculo&gt;
            &lt;codigo&gt;11878&lt;/codigo&gt;
            &lt;descricao&gt;E CARTA TABELA BASE ECR       &lt;/descricao&gt;
            &lt;calcula_preco&gt;N&lt;/calcula_preco&gt;
            &lt;calcula_prazo&gt;S&lt;/calcula_prazo&gt;
            &lt;erro/&gt;
            &lt;msgErro/&gt;
          &lt;/cServicosCalculo&gt;
          &lt;cServicosCalculo&gt;
            &lt;codigo&gt;11886&lt;/codigo&gt;
            &lt;descricao&gt;E CARTA ECD 01                &lt;/descricao&gt;
            &lt;calcula_preco&gt;N&lt;/calcula_preco&gt;
            &lt;calcula_prazo&gt;S&lt;/calcula_prazo&gt;
            &lt;erro/&gt;
            &lt;msgErro/&gt;
          &lt;/cServicosCalculo&gt;
          &lt;cServicosCalculo&gt;
            &lt;codigo&gt;11894&lt;/codigo&gt;
            &lt;descricao&gt;E CARTA ECD 02                &lt;/descricao&gt;
            &lt;calcula_preco&gt;N&lt;/calcula_preco&gt;
            &lt;calcula_prazo&gt;S&lt;/calcula_prazo&gt;
            &lt;erro/&gt;
            &lt;msgErro/&gt;
          &lt;/cServicosCalculo&gt;
          &lt;cServicosCalculo&gt;
            &lt;codigo&gt;11908&lt;/codigo&gt;
            &lt;descricao&gt;E CARTA ECD 03                &lt;/descricao&gt;
            &lt;calcula_preco&gt;N&lt;/calcula_preco&gt;
            &lt;calcula_prazo&gt;S&lt;/calcula_prazo&gt;
            &lt;erro/&gt;
            &lt;msgErro/&gt;
          &lt;/cServicosCalculo&gt;
          &lt;cServicosCalculo&gt;
            &lt;codigo&gt;11916&lt;/codigo&gt;
            &lt;descricao&gt;E CARTA ECD 04                &lt;/descricao&gt;
            &lt;calcula_preco&gt;N&lt;/calcula_preco&gt;
            &lt;calcula_prazo&gt;S&lt;/calcula_prazo&gt;
            &lt;erro/&gt;
            &lt;msgErro/&gt;
          &lt;/cServicosCalculo&gt;
          &lt;cServicosCalculo&gt;
            &lt;codigo&gt;11924&lt;/codigo&gt;
            &lt;descricao&gt;E CARTA ECR 01                &lt;/descricao&gt;
            &lt;calcula_preco&gt;N&lt;/calcula_preco&gt;
            &lt;calcula_prazo&gt;S&lt;/calcula_prazo&gt;
            &lt;erro/&gt;
            &lt;msgErro/&gt;
          &lt;/cServicosCalculo&gt;
          &lt;cServicosCalculo&gt;
            &lt;codigo&gt;11932&lt;/codigo&gt;
            &lt;descricao&gt;E CARTA ECR 02                &lt;/descricao&gt;
            &lt;calcula_preco&gt;N&lt;/calcula_preco&gt;
            &lt;calcula_prazo&gt;S&lt;/calcula_prazo&gt;
            &lt;erro/&gt;
            &lt;msgErro/&gt;
          &lt;/cServicosCalculo&gt;
          &lt;cServicosCalculo&gt;
            &lt;codigo&gt;11940&lt;/codigo&gt;
            &lt;descricao&gt;E CARTA ECR 03                &lt;/descricao&gt;
            &lt;calcula_preco&gt;N&lt;/calcula_preco&gt;
            &lt;calcula_prazo&gt;S&lt;/calcula_prazo&gt;
            &lt;erro/&gt;
            &lt;msgErro/&gt;
          &lt;/cServicosCalculo&gt;
          &lt;cServicosCalculo&gt;
            &lt;codigo&gt;11959&lt;/codigo&gt;
            &lt;descricao&gt;E CARTA ECR 04                &lt;/descricao&gt;
            &lt;calcula_preco&gt;N&lt;/calcula_preco&gt;
            &lt;calcula_prazo&gt;S&lt;/calcula_prazo&gt;
            &lt;erro/&gt;
            &lt;msgErro/&gt;
          &lt;/cServicosCalculo&gt;
          &lt;cServicosCalculo&gt;
            &lt;codigo&gt;11967&lt;/codigo&gt;
            &lt;descricao&gt;E CARTA SIMPLES ECS 01        &lt;/descricao&gt;
            &lt;calcula_preco&gt;N&lt;/calcula_preco&gt;
            &lt;calcula_prazo&gt;S&lt;/calcula_prazo&gt;
            &lt;erro/&gt;
            &lt;msgErro/&gt;
          &lt;/cServicosCalculo&gt;
          &lt;cServicosCalculo&gt;
            &lt;codigo&gt;11975&lt;/codigo&gt;
            &lt;descricao&gt;E CARTA SIMPLES ECS 02        &lt;/descricao&gt;
            &lt;calcula_preco&gt;N&lt;/calcula_preco&gt;
            &lt;calcula_prazo&gt;S&lt;/calcula_prazo&gt;
            &lt;erro/&gt;
            &lt;msgErro/&gt;
          &lt;/cServicosCalculo&gt;
          &lt;cServicosCalculo&gt;
            &lt;codigo&gt;11983&lt;/codigo&gt;
            &lt;descricao&gt;E CARTA SIMPLES TB ECS        &lt;/descricao&gt;
            &lt;calcula_preco&gt;N&lt;/calcula_preco&gt;
            &lt;calcula_prazo&gt;S&lt;/calcula_prazo&gt;
            &lt;erro/&gt;
            &lt;msgErro/&gt;
          &lt;/cServicosCalculo&gt;
          &lt;cServicosCalculo&gt;
            &lt;codigo&gt;11991&lt;/codigo&gt;
            &lt;descricao&gt;POSTAL RESPOSTA               &lt;/descricao&gt;
            &lt;calcula_preco&gt;N&lt;/calcula_preco&gt;
            &lt;calcula_prazo&gt;S&lt;/calcula_prazo&gt;
            &lt;erro/&gt;
            &lt;msgErro/&gt;
          &lt;/cServicosCalculo&gt;
          &lt;cServicosCalculo&gt;
            &lt;codigo&gt;12165&lt;/codigo&gt;
            &lt;descricao&gt;POSTAL RESPOSTA DPVAT         &lt;/descricao&gt;
            &lt;calcula_preco&gt;N&lt;/calcula_preco&gt;
            &lt;calcula_prazo&gt;S&lt;/calcula_prazo&gt;
            &lt;erro/&gt;
            &lt;msgErro/&gt;
          &lt;/cServicosCalculo&gt;
          &lt;cServicosCalculo&gt;
[...]
<arg>${data}</arg>
<arg>//Reason</arg>
<doc>Evaluates the given xpath expression and returns results.</doc>
<msg timestamp="20230806 08:40:16.642" level="INFO">${text_reason} = [&lt;Element Reason at 0x1a5511d5a80&gt;, &lt;Element Reason at 0x1a5511d74c0&gt;, &lt;Element Reason at 0x1a5511d5880&gt;]</msg>
<status status="PASS" starttime="20230806 08:40:16.641" endtime="20230806 08:40:16.642"/>
</kw>
<kw name="Should Be Equal" library="BuiltIn">
<arg>${text_reason[0].text}</arg>
<arg>1515</arg>
<doc>Fails if the given objects are unequal.</doc>
<status status="PASS" starttime="20230806 08:40:16.642" endtime="20230806 08:40:16.643"/>
</kw>
<kw name="Should Be Equal" library="BuiltIn">
<arg>${text_reason[1].text}</arg>
<arg>1616</arg>
<doc>Fails if the given objects are unequal.</doc>
<status status="PASS" starttime="20230806 08:40:16.644" endtime="20230806 08:40:16.644"/>
</kw>
<kw name="Should Be Equal" library="BuiltIn">
<arg>${text_reason[2].text}</arg>
<arg>0000</arg>
<doc>Fails if the given objects are unequal.</doc>
<status status="PASS" starttime="20230806 08:40:16.645" endtime="20230806 08:40:16.645"/>
</kw>
<doc>Change name, date and reason in Tags 0 and 1</doc>
<tag>edit_xml</tag>
<status status="PASS" starttime="20230806 08:40:16.615" endtime="20230806 08:40:16.646"/>
</test>
<test id="s1-t19" name="Test Edit XML Request 6" line="225">
<kw name="Create Dictionary" library="BuiltIn">
<var>${new_value_dict}</var>
<arg>startDate=15-01-2020</arg>
<arg>name2=Joaquim</arg>
<arg>Reason=1515</arg>
<doc>Creates and returns a dictionary based on the given ``items``.</doc>
<msg timestamp="20230806 08:40:16.649" level="INFO">${new_value_dict} = {'startDate': '15-01-2020', 'name2': 'Joaquim', 'Reason': '1515'}</msg>
<status status="PASS" starttime="20230806 08:40:16.648" endtime="20230806 08:40:16.649"/>
</kw>
<kw name="Edit XML Request" library="SoapLibrary">
<var>${xml_edited}</var>
<arg>${requests_dir}${/}request.xml</arg>
<arg>${new_value_dict}</arg>
<arg>New_Request</arg>
<arg>repeated_tags=1</arg>
<doc>Changes a field on the given XML to a new given value, the values must be in a dictionary.
xml_filepath must be a "template" of the request to the webservice.
new_values_dict must be a dictionary with the keys and values to change.
request_name will be the name of the new XMl file generated with the changed request.</doc>
<msg timestamp="20230806 08:40:16.652" level="INFO">${xml_edited} = C:\Users\carlo\OneDrive\Área de Trabalho\robot\Requests\New_Request.xml</msg>
<status status="PASS" starttime="20230806 08:40:16.650" endtime="20230806 08:40:16.652"/>
</kw>
<kw name="Create Dictionary" library="BuiltIn">
<var>${new_value_dict}</var>
<arg>startDate=16-01-2020</arg>
<arg>Reason=1616</arg>
<doc>Creates and returns a dictionary based on the given ``items``.</doc>
<msg timestamp="20230806 08:40:16.653" level="INFO">${new_value_dict} = {'startDate': '16-01-2020', 'Reason': '1616'}</msg>
<status status="PASS" starttime="20230806 08:40:16.653" endtime="20230806 08:40:16.653"/>
</kw>
<kw name="Edit XML Request" library="SoapLibrary">
<var>${xml_edited}</var>
<arg>${xml_edited}</arg>
<arg>${new_value_dict}</arg>
<arg>New_Request</arg>
<arg>repeated_tags=2</arg>
<doc>Changes a field on the given XML to a new given value, the values must be in a dictionary.
xml_filepath must be a "template" of the request to the webservice.
new_values_dict must be a dictionary with the keys and values to change.
request_name will be the name of the new XMl file generated with the changed request.</doc>
<msg timestamp="20230806 08:40:16.666" level="INFO">${xml_edited} = C:\Users\carlo\OneDrive\Área de Trabalho\robot\Requests\New_Request.xml</msg>
<status status="PASS" starttime="20230806 08:40:16.654" endtime="20230806 08:40:16.666"/>
</kw>
<kw name="Parse Xml" library="XML">
<var>${data}</var>
<arg>${requests_dir}${/}New_Request.xml</arg>
<arg>keep_clark_notation=True</arg>
<doc>Parses the given XML file or string into an element structure.</doc>
<msg timestamp="20230806 08:40:16.675" level="INFO">${data} = &lt;Element Body at 0x1a55112b3c0&gt;</msg>
<status status="PASS" starttime="20230806 08:40:16.667" endtime="20230806 08:40:16.675"/>
</kw>
<kw name="Evaluate Xpath" library="XML">
<var>${text_name}</var>
<arg>${data}</arg>
<arg>//name</arg>
<doc>Evaluates the given xpath expression and returns results.</doc>
<msg timestamp="20230806 08:40:16.677" level="INFO">${text_name} = [&lt;Element name at 0x1a5511d78c0&gt;]</msg>
<status status="PASS" starttime="20230806 08:40:16.676" endtime="20230806 08:40:16.677"/>
</kw>
<kw name="Should Be Equal" library="BuiltIn">
<arg>${text_name[0].text}</arg>
<arg>AAAAA</arg>
<doc>Fails if the given objects are unequal.</doc>
<status status="PASS" starttime="20230806 08:40:16.678" endtime="20230806 08:40:16.678"/>
</kw>
<kw name="Evaluate Xpath" library="XML">
<var>${text_name2}</var>
<arg>${data}</arg>
<arg>//name2</arg>
<doc>Evaluates the given xpath expression and returns results.</doc>
<msg timestamp="20230806 08:40:16.679" level="INFO">${text_name2} = [&lt;Element name2 at 0x1a5511d6780&gt;]</msg>
<status status="PASS" starttime="20230806 08:40:16.679" endtime="20230806 08:40:16.679"/>
</kw>
<kw name="Should Be Equal" library="BuiltIn">
<arg>${text_name2[0].text}</arg>
<arg>Joaquim</arg>
<doc>Fails if the given objects are unequal.</doc>
<status status="PASS" starttime="20230806 08:40:16.680" endtime="20230806 08:40:16.681"/>
</kw>
<kw name="Evaluate Xpath" library="XML">
<var>${text_date}</var>
<arg>${data}</arg>
<arg>//startDate</arg>
<doc>Evaluates the given xpath expression and returns results.</doc>
<msg timestamp="20230806 08:40:16.683" level="INFO">${text_date} = [&lt;Element startDate at 0x1a5511d67c0&gt;, &lt;Element startDate at 0x1a5511d5240&gt;, &lt;Element startDate at 0x1a5511d7600&gt;]</msg>
<status status="PASS" starttime="20230806 08:40:16.682" endtime="20230806 08:40:16.683"/>
</kw>
<kw name="Should Be Equal" library="BuiltIn">
<arg>${text_date[0].text}</arg>
<arg>2019-06-03</arg>
<doc>Fails if the given objects are unequal.</doc>
<status status="PASS" starttime="20230806 08:40:16.684" endtime="20230806 08:40:16.685"/>
</kw>
<kw name="Should Be Equal" library="BuiltIn">
<arg>${text_date[1].text}</arg>
<arg>15-01-2020</arg>
<doc>Fails if the given objects are unequal.</doc>
<status status="PASS" starttime="20230806 08:40:16.686" endtime="20230806 08:40:16.687"/>
</kw>
<kw name="Should Be Equal" library="BuiltIn">
<arg>${text_date[2].text}</arg>
<arg>16-01-2020</arg>
<doc>Fails if the given objects are unequal.</doc>
<status status="PASS" starttime="20230806 08:40:16.688" endtime="20230806 08:40:16.689"/>
</kw>
<kw name="Evaluate Xpath" library="XML">
<var>${text_reason}</var>
<arg>${data}</arg>
<arg>//Reason</arg>
<doc>Evaluates the given xpath expression and returns results.</doc>
<msg timestamp="20230806 08:40:16.691" level="INFO">${text_reason} = [&lt;Element Reason at 0x1a5511ad940&gt;, &lt;Element Reason at 0x1a5511adbc0&gt;, &lt;Element Reason at 0x1a5511ac780&gt;]</msg>
<status status="PASS" starttime="20230806 08:40:16.690" endtime="20230806 08:40:16.691"/>
</kw>
<kw name="Should Be Equal" library="BuiltIn">
<arg>${text_reason[0].text}</arg>
<arg>0000</arg>
<doc>Fails if the given objects are unequal.</doc>
<status status="PASS" starttime="20230806 08:40:16.691" endtime="20230806 08:40:16.692"/>
</kw>
<kw name="Should Be Equal" library="BuiltIn">
<arg>${text_reason[1].text}</arg>
<arg>1515</arg>
<doc>Fails if the given objects are unequal.</doc>
<status status="PASS" starttime="20230806 08:40:16.693" endtime="20230806 08:40:16.694"/>
</kw>
<kw name="Should Be Equal" library="BuiltIn">
<arg>${text_reason[2].text}</arg>
<arg>1616</arg>
<doc>Fails if the given objects are unequal.</doc>
<status status="PASS" starttime="20230806 08:40:16.694" endtime="20230806 08:40:16.695"/>
</kw>
<doc>Change name, date and reason in Tags 1 and 2</doc>
<tag>edit_xml</tag>
<status status="PASS" starttime="20230806 08:40:16.647" endtime="20230806 08:40:16.696"/>
</test>
<test id="s1-t20" name="Test Edit XML Request 7" line="246">
<kw name="Create Dictionary" library="BuiltIn">
<var>${new_value_dict}</var>
<arg>name=Carlota</arg>
<doc>Creates and returns a dictionary based on the given ``items``.</doc>
<msg timestamp="20230806 08:40:16.699" level="INFO">${new_value_dict} = {'name': 'Carlota'}</msg>
<status status="PASS" starttime="20230806 08:40:16.698" endtime="20230806 08:40:16.699"/>
</kw>
<kw name="Edit XML Request" library="SoapLibrary">
<var>${xml_edited}</var>
<arg>${requests_dir}${/}request.xml</arg>
<arg>${new_value_dict}</arg>
<arg>New_Request</arg>
<doc>Changes a field on the given XML to a new given value, the values must be in a dictionary.
xml_filepath must be a "template" of the request to the webservice.
new_values_dict must be a dictionary with the keys and values to change.
request_name will be the name of the new XMl file generated with the changed request.</doc>
<msg timestamp="20230806 08:40:16.702" level="INFO">${xml_edited} = C:\Users\carlo\OneDrive\Área de Trabalho\robot\Requests\New_Request.xml</msg>
<status status="PASS" starttime="20230806 08:40:16.699" endtime="20230806 08:40:16.702"/>
</kw>
<kw name="Parse Xml" library="XML">
<var>${data}</var>
<arg>${requests_dir}${/}New_Request.xml</arg>
<arg>keep_clark_notation=True</arg>
<doc>Parses the given XML file or string into an element structure.</doc>
<msg timestamp="20230806 08:40:16.712" level="INFO">${data} = &lt;Element Body at 0x1a5511d4600&gt;</msg>
<status status="PASS" starttime="20230806 08:40:16.702" endtime="20230806 08:40:16.712"/>
</kw>
<kw name="Evaluate Xpath" library="XML">
<var>${text_name}</var>
<arg>${data}</arg>
<arg>//name</arg>
<doc>Evaluates the given xpath expression and returns results.</doc>
<msg timestamp="20230806 08:40:16.713" level="INFO">${text_name} = [&lt;Element name at 0x1a5511d7dc0&gt;]</msg>
<status status="PASS" starttime="20230806 08:40:16.712" endtime="20230806 08:40:16.713"/>
</kw>
<kw name="Should Be Equal" library="BuiltIn">
<arg>${text_name[0].text}</arg>
<arg>Carlota</arg>
<doc>Fails if the given objects are unequal.</doc>
<status status="PASS" starttime="20230806 08:40:16.713" endtime="20230806 08:40:16.714"/>
</kw>
<kw name="Evaluate Xpath" library="XML">
<var>${text_name2}</var>
<arg>${data}</arg>
<arg>//name2</arg>
<doc>Evaluates the given xpath expression and returns results.</doc>
<msg timestamp="20230806 08:40:16.715" level="INFO">${text_name2} = [&lt;Element name2 at 0x1a5511d77c0&gt;]</msg>
<status status="PASS" starttime="20230806 08:40:16.714" endtime="20230806 08:40:16.715"/>
</kw>
<kw name="Should Be Equal" library="BuiltIn">
<arg>${text_name2[0].text}</arg>
<arg>BBBB</arg>
<doc>Fails if the given objects are unequal.</doc>
<status status="PASS" starttime="20230806 08:40:16.715" endtime="20230806 08:40:16.716"/>
</kw>
<kw name="Evaluate Xpath" library="XML">
<var>${text_date}</var>
<arg>${data}</arg>
<arg>//startDate</arg>
<doc>Evaluates the given xpath expression and returns results.</doc>
<msg timestamp="20230806 08:40:16.717" level="INFO">${text_date} = [&lt;Element startDate at 0x1a55112a480&gt;, &lt;Element startDate at 0x1a551129d40&gt;, &lt;Element startDate at 0x1a55112a2c0&gt;]</msg>
<status status="PASS" starttime="20230806 08:40:16.717" endtime="20230806 08:40:16.717"/>
</kw>
<kw name="Should Be Equal" library="BuiltIn">
<arg>${text_date[0].text}</arg>
<arg>2019-06-03</arg>
<doc>Fails if the given objects are unequal.</doc>
<status status="PASS" starttime="20230806 08:40:16.718" endtime="20230806 08:40:16.719"/>
</kw>
<kw name="Should Be Equal" library="BuiltIn">
<arg>${text_date[1].text}</arg>
<arg>2019-06-03</arg>
<doc>Fails if the given objects are unequal.</doc>
<status status="PASS" starttime="20230806 08:40:16.719" endtime="20230806 08:40:16.720"/>
</kw>
<kw name="Should Be Equal" library="BuiltIn">
<arg>${text_date[2].text}</arg>
<arg>2019-06-03</arg>
<doc>Fails if the given objects are unequal.</doc>
<status status="PASS" starttime="20230806 08:40:16.720" endtime="20230806 08:40:16.721"/>
</kw>
<kw name="Evaluate Xpath" library="XML">
<var>${text_reason}</var>
<arg>${data}</arg>
<arg>//Reason</arg>
<doc>Evaluates the given xpath expression and returns results.</doc>
<msg timestamp="20230806 08:40:16.722" level="INFO">${text_reason} = [&lt;Element Reason at 0x1a5511d4d00&gt;, &lt;Element Reason at 0x1a5511d6340&gt;, &lt;Element Reason at 0x1a5511d7b80&gt;]</msg>
<status status="PASS" starttime="20230806 08:40:16.722" endtime="20230806 08:40:16.722"/>
</kw>
<kw name="Should Be Equal" library="BuiltIn">
<arg>${text_reason[0].text}</arg>
<arg>0000</arg>
<doc>Fails if the given objects are unequal.</doc>
<status status="PASS" starttime="20230806 08:40:16.723" endtime="20230806 08:40:16.723"/>
</kw>
<kw name="Should Be Equal" library="BuiltIn">
<arg>${text_reason[1].text}</arg>
<arg>0000</arg>
<doc>Fails if the given objects are unequal.</doc>
<status status="PASS" starttime="20230806 08:40:16.724" endtime="20230806 08:40:16.726"/>
</kw>
<kw name="Should Be Equal" library="BuiltIn">
<arg>${text_reason[2].text}</arg>
<arg>0000</arg>
<doc>Fails if the given objects are unequal.</doc>
<status status="PASS" starttime="20230806 08:40:16.726" endtime="20230806 08:40:16.728"/>
</kw>
<doc>Change only the name tag</doc>
<tag>edit_xml</tag>
<status status="PASS" starttime="20230806 08:40:16.697" endtime="20230806 08:40:16.729"/>
</test>
<test id="s1-t21" name="Test Edit XML Request 8" line="265">
<kw name="Create Dictionary" library="BuiltIn">
<var>${new_value_dict}</var>
<arg>startDate=07-06-2020</arg>
<doc>Creates and returns a dictionary based on the given ``items``.</doc>
<msg timestamp="20230806 08:40:16.732" level="INFO">${new_value_dict} = {'startDate': '07-06-2020'}</msg>
<status status="PASS" starttime="20230806 08:40:16.731" endtime="20230806 08:40:16.732"/>
</kw>
<kw name="Edit XML Request" library="SoapLibrary">
<var>${xml_edited}</var>
<arg>${requests_dir}${/}request.xml</arg>
<arg>${new_value_dict}</arg>
<arg>New_Request</arg>
<doc>Changes a field on the given XML to a new given value, the values must be in a dictionary.
xml_filepath must be a "template" of the request to the webservice.
new_values_dict must be a dictionary with the keys and values to change.
request_name will be the name of the new XMl file generated with the changed request.</doc>
<msg timestamp="20230806 08:40:16.735" level="INFO">${xml_edited} = C:\Users\carlo\OneDrive\Área de Trabalho\robot\Requests\New_Request.xml</msg>
<status status="PASS" starttime="20230806 08:40:16.733" endtime="20230806 08:40:16.735"/>
</kw>
<kw name="Parse Xml" library="XML">
<var>${data}</var>
<arg>${requests_dir}${/}New_Request.xml</arg>
<arg>keep_clark_notation=True</arg>
<doc>Parses the given XML file or string into an element structure.</doc>
<msg timestamp="20230806 08:40:16.738" level="INFO">${data} = &lt;Element Body at 0x1a55112bd80&gt;</msg>
<status status="PASS" starttime="20230806 08:40:16.736" endtime="20230806 08:40:16.738"/>
</kw>
<kw name="Evaluate Xpath" library="XML">
<var>${text_name}</var>
<arg>${data}</arg>
<arg>//name</arg>
<doc>Evaluates the given xpath expression and returns results.</doc>
<msg timestamp="20230806 08:40:16.739" level="INFO">${text_name} = [&lt;Element name at 0x1a55112bcc0&gt;]</msg>
<status status="PASS" starttime="20230806 08:40:16.739" endtime="20230806 08:40:16.739"/>
</kw>
<kw name="Should Be Equal" library="BuiltIn">
<arg>${text_name[0].text}</arg>
<arg>AAAAA</arg>
<doc>Fails if the given objects are unequal.</doc>
<status status="PASS" starttime="20230806 08:40:16.740" endtime="20230806 08:40:16.741"/>
</kw>
<kw name="Evaluate Xpath" library="XML">
<var>${text_name2}</var>
<arg>${data}</arg>
<arg>//name2</arg>
<doc>Evaluates the given xpath expression and returns results.</doc>
<msg timestamp="20230806 08:40:16.742" level="INFO">${text_name2} = [&lt;Element name2 at 0x1a5511285c0&gt;]</msg>
<status status="PASS" starttime="20230806 08:40:16.741" endtime="20230806 08:40:16.742"/>
</kw>
<kw name="Should Be Equal" library="BuiltIn">
<arg>${text_name2[0].text}</arg>
<arg>BBBB</arg>
<doc>Fails if the given objects are unequal.</doc>
<status status="PASS" starttime="20230806 08:40:16.742" endtime="20230806 08:40:16.743"/>
</kw>
<kw name="Evaluate Xpath" library="XML">
<var>${text_date}</var>
<arg>${data}</arg>
<arg>//startDate</arg>
<doc>Evaluates the given xpath expression and returns results.</doc>
<msg timestamp="20230806 08:40:16.744" level="INFO">${text_date} = [&lt;Element startDate at 0x1a5511ad1c0&gt;, &lt;Element startDate at 0x1a5511ad940&gt;, &lt;Element startDate at 0x1a5511adf80&gt;]</msg>
<status status="PASS" starttime="20230806 08:40:16.744" endtime="20230806 08:40:16.744"/>
</kw>
<kw name="Should Be Equal" library="BuiltIn">
<arg>${text_date[0].text}</arg>
<arg>07-06-2020</arg>
<doc>Fails if the given objects are unequal.</doc>
<status status="PASS" starttime="20230806 08:40:16.745" endtime="20230806 08:40:16.746"/>
</kw>
<kw name="Should Be Equal" library="BuiltIn">
<arg>${text_date[1].text}</arg>
<arg>07-06-2020</arg>
<doc>Fails if the given objects are unequal.</doc>
<status status="PASS" starttime="20230806 08:40:16.746" endtime="20230806 08:40:16.747"/>
</kw>
<kw name="Should Be Equal" library="BuiltIn">
<arg>${text_date[2].text}</arg>
<arg>07-06-2020</arg>
<doc>Fails if the given objects are unequal.</doc>
<status status="PASS" starttime="20230806 08:40:16.748" endtime="20230806 08:40:16.749"/>
</kw>
<kw name="Evaluate Xpath" library="XML">
<var>${text_reason}</var>
<arg>${data}</arg>
<arg>//Reason</arg>
<doc>Evaluates the given xpath expression and returns results.</doc>
<msg timestamp="20230806 08:40:16.751" level="INFO">${text_reason} = [&lt;Element Reason at 0x1a5511d6ac0&gt;, &lt;Element Reason at 0x1a5511d5740&gt;, &lt;Element Reason at 0x1a5511d6700&gt;]</msg>
<status status="PASS" starttime="20230806 08:40:16.750" endtime="20230806 08:40:16.751"/>
</kw>
<kw name="Should Be Equal" library="BuiltIn">
<arg>${text_reason[0].text}</arg>
<arg>0000</arg>
<doc>Fails if the given objects are unequal.</doc>
<status status="PASS" starttime="20230806 08:40:16.751" endtime="20230806 08:40:16.753"/>
</kw>
<kw name="Should Be Equal" library="BuiltIn">
<arg>${text_reason[1].text}</arg>
<arg>0000</arg>
<doc>Fails if the given objects are unequal.</doc>
<status status="PASS" starttime="20230806 08:40:16.753" endtime="20230806 08:40:16.754"/>
</kw>
<kw name="Should Be Equal" library="BuiltIn">
<arg>${text_reason[2].text}</arg>
<arg>0000</arg>
<doc>Fails if the given objects are unequal.</doc>
<status status="PASS" starttime="20230806 08:40:16.754" endtime="20230806 08:40:16.755"/>
</kw>
<doc>Change all dates tags</doc>
<tag>edit_xml</tag>
<status status="PASS" starttime="20230806 08:40:16.730" endtime="20230806 08:40:16.756"/>
</test>
<status status="PASS" starttime="20230806 08:40:06.086" endtime="20230806 08:40:16.759"/>
</suite>
<statistics>
<total>
<stat pass="21" fail="0" skip="0">All Tests</stat>
</total>
<tag>
<stat pass="8" fail="0" skip="0">calculator</stat>
<stat pass="2" fail="0" skip="0">correios</stat>
<stat pass="3" fail="0" skip="0">country_info</stat>
<stat pass="8" fail="0" skip="0">edit_xml</stat>
</tag>
<suite>
<stat pass="21" fail="0" skip="0" id="s1" name="Test">Test</stat>
</suite>
</statistics>
<errors>
<msg timestamp="20230806 08:40:15.397" level="WARN">The tag you entered found 352 items, returning the text in the index number 99, if you want a different index inform the argument index=N</msg>
</errors>
</robot>
